{"meta": {"format": 3, "version": "7.13.5", "timestamp": "2026-03-26T12:14:11.216033", "branch_coverage": false, "show_contexts": false}, "files": {"src/__init__.py": {"executed_lines": [], "summary": {"covered_lines": 0, "num_statements": 0, "percent_covered": 100.0, "percent_covered_display": "100", "missing_lines": 0, "excluded_lines": 0, "percent_statements_covered": 100.0, "percent_statements_covered_display": "100"}, "missing_lines": [], "excluded_lines": [], "functions": {"": {"executed_lines": [], "summary": {"covered_lines": 0, "num_statements": 0, "percent_covered": 100.0, "percent_covered_display": "100", "missing_lines": 0, "excluded_lines": 0, "percent_statements_covered": 100.0, "percent_statements_covered_display": "100"}, "missing_lines": [], "excluded_lines": [], "start_line": 1}}, "classes": {"": {"executed_lines": [], "summary": {"covered_lines": 0, "num_statements": 0, "percent_covered": 100.0, "percent_covered_display": "100", "missing_lines": 0, "excluded_lines": 0, "percent_statements_covered": 100.0, "percent_statements_covered_display": "100"}, "missing_lines": [], "excluded_lines": [], "start_line": 1}}}, "src/api/controllers/BaseController.py": {"executed_lines": [1, 2, 3, 4, 6, 7, 9, 10, 11, 12, 13, 14, 15, 16, 17, 18, 19], "summary": {"covered_lines": 17, "num_statements": 17, "percent_covered": 100.0, "percent_covered_display": "100", "missing_lines": 0, "excluded_lines": 0, "percent_statements_covered": 100.0, "percent_statements_covered_display": "100"}, "missing_lines": [], "excluded_lines": [], "functions": {"BaseController.__init__": {"executed_lines": [9, 10, 11, 12], "summary": {"covered_lines": 4, "num_statements": 4, "percent_covered": 100.0, "percent_covered_display": "100", "missing_lines": 0, "excluded_lines": 0, "percent_statements_covered": 100.0, "percent_statements_covered_display": "100"}, "missing_lines": [], "excluded_lines": [], "start_line": 7}, "BaseController.generate_random_string": {"executed_lines": [14], "summary": {"covered_lines": 1, "num_statements": 1, "percent_covered": 100.0, "percent_covered_display": "100", "missing_lines": 0, "excluded_lines": 0, "percent_statements_covered": 100.0, "percent_statements_covered_display": "100"}, "missing_lines": [], "excluded_lines": [], "start_line": 13}, "BaseController.get_database_path": {"executed_lines": [16, 17, 18, 19], "summary": {"covered_lines": 4, "num_statements": 4, "percent_covered": 100.0, "percent_covered_display": "100", "missing_lines": 0, "excluded_lines": 0, "percent_statements_covered": 100.0, "percent_statements_covered_display": "100"}, "missing_lines": [], "excluded_lines": [], "start_line": 15}, "": {"executed_lines": [1, 2, 3, 4, 6, 7, 13, 15], "summary": {"covered_lines": 8, "num_statements": 8, "percent_covered": 100.0, "percent_covered_display": "100", "missing_lines": 0, "excluded_lines": 0, "percent_statements_covered": 100.0, "percent_statements_covered_display": "100"}, "missing_lines": [], "excluded_lines": [], "start_line": 1}}, "classes": {"BaseController": {"executed_lines": [9, 10, 11, 12, 14, 16, 17, 18, 19], "summary": {"covered_lines": 9, "num_statements": 9, "percent_covered": 100.0, "percent_covered_display": "100", "missing_lines": 0, "excluded_lines": 0, "percent_statements_covered": 100.0, "percent_statements_covered_display": "100"}, "missing_lines": [], "excluded_lines": [], "start_line": 6}, "": {"executed_lines": [1, 2, 3, 4, 6, 7, 13, 15], "summary": {"covered_lines": 8, "num_statements": 8, "percent_covered": 100.0, "percent_covered_display": "100", "missing_lines": 0, "excluded_lines": 0, "percent_statements_covered": 100.0, "percent_statements_covered_display": "100"}, "missing_lines": [], "excluded_lines": [], "start_line": 1}}}, "src/api/controllers/DataController.py": {"executed_lines": [1, 2, 3, 4, 5, 6, 8, 9, 10, 11, 12, 14, 15, 19, 20, 24, 27, 28, 29, 30, 32, 34, 35, 36, 38, 41, 42, 43, 44], "summary": {"covered_lines": 29, "num_statements": 29, "percent_covered": 100.0, "percent_covered_display": "100", "missing_lines": 0, "excluded_lines": 0, "percent_statements_covered": 100.0, "percent_statements_covered_display": "100"}, "missing_lines": [], "excluded_lines": [], "functions": {"DataController.__init__": {"executed_lines": [10, 11], "summary": {"covered_lines": 2, "num_statements": 2, "percent_covered": 100.0, "percent_covered_display": "100", "missing_lines": 0, "excluded_lines": 0, "percent_statements_covered": 100.0, "percent_statements_covered_display": "100"}, "missing_lines": [], "excluded_lines": [], "start_line": 9}, "DataController.validate_uploaded_file": {"executed_lines": [14, 15, 19, 20, 24], "summary": {"covered_lines": 5, "num_statements": 5, "percent_covered": 100.0, "percent_covered_display": "100", "missing_lines": 0, "excluded_lines": 0, "percent_statements_covered": 100.0, "percent_statements_covered_display": "100"}, "missing_lines": [], "excluded_lines": [], "start_line": 12}, "DataController.generate_unique_filepath": {"executed_lines": [28, 29, 30, 32, 34, 35, 36, 38], "summary": {"covered_lines": 8, "num_statements": 8, "percent_covered": 100.0, "percent_covered_display": "100", "missing_lines": 0, "excluded_lines": 0, "percent_statements_covered": 100.0, "percent_statements_covered_display": "100"}, "missing_lines": [], "excluded_lines": [], "start_line": 27}, "DataController.get_clean_file_name": {"executed_lines": [42, 43, 44], "summary": {"covered_lines": 3, "num_statements": 3, "percent_covered": 100.0, "percent_covered_display": "100", "missing_lines": 0, "excluded_lines": 0, "percent_statements_covered": 100.0, "percent_statements_covered_display": "100"}, "missing_lines": [], "excluded_lines": [], "start_line": 41}, "": {"executed_lines": [1, 2, 3, 4, 5, 6, 8, 9, 12, 27, 41], "summary": {"covered_lines": 11, "num_statements": 11, "percent_covered": 100.0, "percent_covered_display": "100", "missing_lines": 0, "excluded_lines": 0, "percent_statements_covered": 100.0, "percent_statements_covered_display": "100"}, "missing_lines": [], "excluded_lines": [], "start_line": 1}}, "classes": {"DataController": {"executed_lines": [10, 11, 14, 15, 19, 20, 24, 28, 29, 30, 32, 34, 35, 36, 38, 42, 43, 44], "summary": {"covered_lines": 18, "num_statements": 18, "percent_covered": 100.0, "percent_covered_display": "100", "missing_lines": 0, "excluded_lines": 0, "percent_statements_covered": 100.0, "percent_statements_covered_display": "100"}, "missing_lines": [], "excluded_lines": [], "start_line": 8}, "": {"executed_lines": [1, 2, 3, 4, 5, 6, 8, 9, 12, 27, 41], "summary": {"covered_lines": 11, "num_statements": 11, "percent_covered": 100.0, "percent_covered_display": "100", "missing_lines": 0, "excluded_lines": 0, "percent_statements_covered": 100.0, "percent_statements_covered_display": "100"}, "missing_lines": [], "excluded_lines": [], "start_line": 1}}}, "src/api/controllers/NLPController.py": {"executed_lines": [1, 2, 5, 6, 7, 8, 9, 10, 11, 13, 14, 15, 16, 17, 18, 19, 20, 21, 22, 23, 24, 26, 27, 28, 29, 30, 31, 32, 33, 34, 35, 36, 37, 44, 45, 46, 47, 48, 49, 50, 51, 52, 53, 57, 58, 59, 60, 61, 62, 63, 64, 65, 66, 67, 68, 70, 71, 73, 75, 77, 85, 86, 87, 88, 90, 95, 97, 102, 103, 105, 111, 119], "summary": {"covered_lines": 72, "num_statements": 72, "percent_covered": 100.0, "percent_covered_display": "100", "missing_lines": 0, "excluded_lines": 0, "percent_statements_covered": 100.0, "percent_statements_covered_display": "100"}, "missing_lines": [], "excluded_lines": [], "functions": {"NLPController.__init__": {"executed_lines": [7, 8, 9, 10, 11], "summary": {"covered_lines": 5, "num_statements": 5, "percent_covered": 100.0, "percent_covered_display": "100", "missing_lines": 0, "excluded_lines": 0, "percent_statements_covered": 100.0, "percent_statements_covered_display": "100"}, "missing_lines": [], "excluded_lines": [], "start_line": 6}, "NLPController.create_collection_name": {"executed_lines": [14], "summary": {"covered_lines": 1, "num_statements": 1, "percent_covered": 100.0, "percent_covered_display": "100", "missing_lines": 0, "excluded_lines": 0, "percent_statements_covered": 100.0, "percent_statements_covered_display": "100"}, "missing_lines": [], "excluded_lines": [], "start_line": 13}, "NLPController.reset_vector_db_collection": {"executed_lines": [16, 17, 18], "summary": {"covered_lines": 3, "num_statements": 3, "percent_covered": 100.0, "percent_covered_display": "100", "missing_lines": 0, "excluded_lines": 0, "percent_statements_covered": 100.0, "percent_statements_covered_display": "100"}, "missing_lines": [], "excluded_lines": [], "start_line": 15}, "NLPController.get_vector_db_collection_info": {"executed_lines": [20, 21, 22, 23, 24], "summary": {"covered_lines": 5, "num_statements": 5, "percent_covered": 100.0, "percent_covered_display": "100", "missing_lines": 0, "excluded_lines": 0, "percent_statements_covered": 100.0, "percent_statements_covered_display": "100"}, "missing_lines": [], "excluded_lines": [], "start_line": 19}, "NLPController.index_into_vector_db": {"executed_lines": [27, 28, 29, 30, 31, 32, 33, 34, 35, 36, 37, 44, 45, 46], "summary": {"covered_lines": 14, "num_statements": 14, "percent_covered": 100.0, "percent_covered_display": "100", "missing_lines": 0, "excluded_lines": 0, "percent_statements_covered": 100.0, "percent_statements_covered_display": "100"}, "missing_lines": [], "excluded_lines": [], "start_line": 26}, "NLPController.search_vector_db_collection": {"executed_lines": [48, 49, 50, 51, 52, 53, 57, 58, 59, 60, 61, 62], "summary": {"covered_lines": 12, "num_statements": 12, "percent_covered": 100.0, "percent_covered_display": "100", "missing_lines": 0, "excluded_lines": 0, "percent_statements_covered": 100.0, "percent_statements_covered_display": "100"}, "missing_lines": [], "excluded_lines": [], "start_line": 47}, "NLPController.answer_rag_question": {"executed_lines": [64, 65, 66, 67, 68, 70, 71, 73, 75, 77, 85, 86, 87, 88, 90, 95, 97, 102, 103, 105, 111, 119], "summary": {"covered_lines": 22, "num_statements": 22, "percent_covered": 100.0, "percent_covered_display": "100", "missing_lines": 0, "excluded_lines": 0, "percent_statements_covered": 100.0, "percent_statements_covered_display": "100"}, "missing_lines": [], "excluded_lines": [], "start_line": 63}, "": {"executed_lines": [1, 2, 5, 6, 13, 15, 19, 26, 47, 63], "summary": {"covered_lines": 10, "num_statements": 10, "percent_covered": 100.0, "percent_covered_display": "100", "missing_lines": 0, "excluded_lines": 0, "percent_statements_covered": 100.0, "percent_statements_covered_display": "100"}, "missing_lines": [], "excluded_lines": [], "start_line": 1}}, "classes": {"NLPController": {"executed_lines": [7, 8, 9, 10, 11, 14, 16, 17, 18, 20, 21, 22, 23, 24, 27, 28, 29, 30, 31, 32, 33, 34, 35, 36, 37, 44, 45, 46, 48, 49, 50, 51, 52, 53, 57, 58, 59, 60, 61, 62, 64, 65, 66, 67, 68, 70, 71, 73, 75, 77, 85, 86, 87, 88, 90, 95, 97, 102, 103, 105, 111, 119], "summary": {"covered_lines": 62, "num_statements": 62, "percent_covered": 100.0, "percent_covered_display": "100", "missing_lines": 0, "excluded_lines": 0, "percent_statements_covered": 100.0, "percent_statements_covered_display": "100"}, "missing_lines": [], "excluded_lines": [], "start_line": 5}, "": {"executed_lines": [1, 2, 5, 6, 13, 15, 19, 26, 47, 63], "summary": {"covered_lines": 10, "num_statements": 10, "percent_covered": 100.0, "percent_covered_display": "100", "missing_lines": 0, "excluded_lines": 0, "percent_statements_covered": 100.0, "percent_statements_covered_display": "100"}, "missing_lines": [], "excluded_lines": [], "start_line": 1}}}, "src/api/controllers/ProcessController.py": {"executed_lines": [1, 3, 4, 5, 6, 7, 10, 12, 13, 14, 15, 16, 17, 18, 19, 20, 22, 23, 25, 26, 27, 28, 30, 34, 35, 36, 38, 39, 44, 45, 47, 51], "summary": {"covered_lines": 32, "num_statements": 32, "percent_covered": 100.0, "percent_covered_display": "100", "missing_lines": 0, "excluded_lines": 0, "percent_statements_covered": 100.0, "percent_statements_covered_display": "100"}, "missing_lines": [], "excluded_lines": [], "functions": {"ProcessController.__init__": {"executed_lines": [13, 14, 15], "summary": {"covered_lines": 3, "num_statements": 3, "percent_covered": 100.0, "percent_covered_display": "100", "missing_lines": 0, "excluded_lines": 0, "percent_statements_covered": 100.0, "percent_statements_covered_display": "100"}, "missing_lines": [], "excluded_lines": [], "start_line": 12}, "ProcessController.get_file_extension": {"executed_lines": [17], "summary": {"covered_lines": 1, "num_statements": 1, "percent_covered": 100.0, "percent_covered_display": "100", "missing_lines": 0, "excluded_lines": 0, "percent_statements_covered": 100.0, "percent_statements_covered_display": "100"}, "missing_lines": [], "excluded_lines": [], "start_line": 16}, "ProcessController.get_file_loader": {"executed_lines": [19, 20, 22, 23, 25, 26, 27, 28, 30], "summary": {"covered_lines": 9, "num_statements": 9, "percent_covered": 100.0, "percent_covered_display": "100", "missing_lines": 0, "excluded_lines": 0, "percent_statements_covered": 100.0, "percent_statements_covered_display": "100"}, "missing_lines": [], "excluded_lines": [], "start_line": 18}, "ProcessController.get_file_content": {"executed_lines": [35, 36], "summary": {"covered_lines": 2, "num_statements": 2, "percent_covered": 100.0, "percent_covered_display": "100", "missing_lines": 0, "excluded_lines": 0, "percent_statements_covered": 100.0, "percent_statements_covered_display": "100"}, "missing_lines": [], "excluded_lines": [], "start_line": 34}, "ProcessController.process_file_content": {"executed_lines": [39, 44, 45, 47, 51], "summary": {"covered_lines": 5, "num_statements": 5, "percent_covered": 100.0, "percent_covered_display": "100", "missing_lines": 0, "excluded_lines": 0, "percent_statements_covered": 100.0, "percent_statements_covered_display": "100"}, "missing_lines": [], "excluded_lines": [], "start_line": 38}, "": {"executed_lines": [1, 3, 4, 5, 6, 7, 10, 12, 16, 18, 34, 38], "summary": {"covered_lines": 12, "num_statements": 12, "percent_covered": 100.0, "percent_covered_display": "100", "missing_lines": 0, "excluded_lines": 0, "percent_statements_covered": 100.0, "percent_statements_covered_display": "100"}, "missing_lines": [], "excluded_lines": [], "start_line": 1}}, "classes": {"ProcessController": {"executed_lines": [13, 14, 15, 17, 19, 20, 22, 23, 25, 26, 27, 28, 30, 35, 36, 39, 44, 45, 47, 51], "summary": {"covered_lines": 20, "num_statements": 20, "percent_covered": 100.0, "percent_covered_display": "100", "missing_lines": 0, "excluded_lines": 0, "percent_statements_covered": 100.0, "percent_statements_covered_display": "100"}, "missing_lines": [], "excluded_lines": [], "start_line": 10}, "": {"executed_lines": [1, 3, 4, 5, 6, 7, 10, 12, 16, 18, 34, 38], "summary": {"covered_lines": 12, "num_statements": 12, "percent_covered": 100.0, "percent_covered_display": "100", "missing_lines": 0, "excluded_lines": 0, "percent_statements_covered": 100.0, "percent_statements_covered_display": "100"}, "missing_lines": [], "excluded_lines": [], "start_line": 1}}}, "src/api/controllers/ProjectController.py": {"executed_lines": [1, 2, 5, 6, 7, 9, 11, 14, 15, 18], "summary": {"covered_lines": 10, "num_statements": 10, "percent_covered": 100.0, "percent_covered_display": "100", "missing_lines": 0, "excluded_lines": 0, "percent_statements_covered": 100.0, "percent_statements_covered_display": "100"}, "missing_lines": [], "excluded_lines": [], "functions": {"projectController.__init__": {"executed_lines": [7], "summary": {"covered_lines": 1, "num_statements": 1, "percent_covered": 100.0, "percent_covered_display": "100", "missing_lines": 0, "excluded_lines": 0, "percent_statements_covered": 100.0, "percent_statements_covered_display": "100"}, "missing_lines": [], "excluded_lines": [], "start_line": 6}, "projectController.get_project_path": {"executed_lines": [11, 14, 15, 18], "summary": {"covered_lines": 4, "num_statements": 4, "percent_covered": 100.0, "percent_covered_display": "100", "missing_lines": 0, "excluded_lines": 0, "percent_statements_covered": 100.0, "percent_statements_covered_display": "100"}, "missing_lines": [], "excluded_lines": [], "start_line": 9}, "": {"executed_lines": [1, 2, 5, 6, 9], "summary": {"covered_lines": 5, "num_statements": 5, "percent_covered": 100.0, "percent_covered_display": "100", "missing_lines": 0, "excluded_lines": 0, "percent_statements_covered": 100.0, "percent_statements_covered_display": "100"}, "missing_lines": [], "excluded_lines": [], "start_line": 1}}, "classes": {"projectController": {"executed_lines": [7, 11, 14, 15, 18], "summary": {"covered_lines": 5, "num_statements": 5, "percent_covered": 100.0, "percent_covered_display": "100", "missing_lines": 0, "excluded_lines": 0, "percent_statements_covered": 100.0, "percent_statements_covered_display": "100"}, "missing_lines": [], "excluded_lines": [], "start_line": 5}, "": {"executed_lines": [1, 2, 5, 6, 9], "summary": {"covered_lines": 5, "num_statements": 5, "percent_covered": 100.0, "percent_covered_display": "100", "missing_lines": 0, "excluded_lines": 0, "percent_statements_covered": 100.0, "percent_statements_covered_display": "100"}, "missing_lines": [], "excluded_lines": [], "start_line": 1}}}, "src/api/controllers/__init__.py": {"executed_lines": [1, 2], "summary": {"covered_lines": 2, "num_statements": 2, "percent_covered": 100.0, "percent_covered_display": "100", "missing_lines": 0, "excluded_lines": 0, "percent_statements_covered": 100.0, "percent_statements_covered_display": "100"}, "missing_lines": [], "excluded_lines": [], "functions": {"": {"executed_lines": [1, 2], "summary": {"covered_lines": 2, "num_statements": 2, "percent_covered": 100.0, "percent_covered_display": "100", "missing_lines": 0, "excluded_lines": 0, "percent_statements_covered": 100.0, "percent_statements_covered_display": "100"}, "missing_lines": [], "excluded_lines": [], "start_line": 1}}, "classes": {"": {"executed_lines": [1, 2], "summary": {"covered_lines": 2, "num_statements": 2, "percent_covered": 100.0, "percent_covered_display": "100", "missing_lines": 0, "excluded_lines": 0, "percent_statements_covered": 100.0, "percent_statements_covered_display": "100"}, "missing_lines": [], "excluded_lines": [], "start_line": 1}}}, "src/api/controllers/auth_controller.py": {"executed_lines": [3, 4, 5, 6, 7, 8, 10, 13, 20, 21, 23, 25, 26, 27, 33, 35, 36, 37, 38, 40, 43, 45, 47, 50, 52, 58, 59, 60, 65, 69, 70, 74, 76, 81, 82, 87, 89, 90, 91, 97, 98, 99, 104, 107, 108, 110, 111, 112, 117, 118, 119, 122, 123, 124, 126, 136, 137, 145, 149, 150, 152, 153, 154, 158, 159, 163, 165, 167, 168, 171, 172, 173, 178, 180, 181, 182, 183, 184, 185, 187, 189, 190, 191, 194, 195, 196], "summary": {"covered_lines": 86, "num_statements": 86, "percent_covered": 100.0, "percent_covered_display": "100", "missing_lines": 0, "excluded_lines": 0, "percent_statements_covered": 100.0, "percent_statements_covered_display": "100"}, "missing_lines": [], "excluded_lines": [], "functions": {"AuthController.__init__": {"executed_lines": [21], "summary": {"covered_lines": 1, "num_statements": 1, "percent_covered": 100.0, "percent_covered_display": "100", "missing_lines": 0, "excluded_lines": 0, "percent_statements_covered": 100.0, "percent_statements_covered_display": "100"}, "missing_lines": [], "excluded_lines": [], "start_line": 20}, "AuthController.sign_up": {"executed_lines": [25, 26, 27, 33, 35, 36, 37, 38], "summary": {"covered_lines": 8, "num_statements": 8, "percent_covered": 100.0, "percent_covered_display": "100", "missing_lines": 0, "excluded_lines": 0, "percent_statements_covered": 100.0, "percent_statements_covered_display": "100"}, "missing_lines": [], "excluded_lines": [], "start_line": 23}, "AuthController.sign_in": {"executed_lines": [43, 45, 47, 50, 52, 58, 59, 60, 65, 69, 70, 74, 76, 81, 82], "summary": {"covered_lines": 15, "num_statements": 15, "percent_covered": 100.0, "percent_covered_display": "100", "missing_lines": 0, "excluded_lines": 0, "percent_statements_covered": 100.0, "percent_statements_covered_display": "100"}, "missing_lines": [], "excluded_lines": [], "start_line": 40}, "AuthController.refresh_session": {"executed_lines": [89, 90, 91, 97, 98, 99], "summary": {"covered_lines": 6, "num_statements": 6, "percent_covered": 100.0, "percent_covered_display": "100", "missing_lines": 0, "excluded_lines": 0, "percent_statements_covered": 100.0, "percent_statements_covered_display": "100"}, "missing_lines": [], "excluded_lines": [], "start_line": 87}, "AuthController.reset_password": {"executed_lines": [107, 108, 110, 111, 112, 117, 118, 119, 122, 123, 124], "summary": {"covered_lines": 11, "num_statements": 11, "percent_covered": 100.0, "percent_covered_display": "100", "missing_lines": 0, "excluded_lines": 0, "percent_statements_covered": 100.0, "percent_statements_covered_display": "100"}, "missing_lines": [], "excluded_lines": [], "start_line": 104}, "AuthController.update_password": {"executed_lines": [136, 137, 145, 149, 150, 152, 153, 154, 158, 159, 163], "summary": {"covered_lines": 11, "num_statements": 11, "percent_covered": 100.0, "percent_covered_display": "100", "missing_lines": 0, "excluded_lines": 0, "percent_statements_covered": 100.0, "percent_statements_covered_display": "100"}, "missing_lines": [], "excluded_lines": [], "start_line": 126}, "AuthController.get_user_identity_from_access_token": {"executed_lines": [167, 168, 171, 172, 173], "summary": {"covered_lines": 5, "num_statements": 5, "percent_covered": 100.0, "percent_covered_display": "100", "missing_lines": 0, "excluded_lines": 0, "percent_statements_covered": 100.0, "percent_statements_covered_display": "100"}, "missing_lines": [], "excluded_lines": [], "start_line": 165}, "AuthController.sign_out": {"executed_lines": [180, 181, 182, 183, 184, 185], "summary": {"covered_lines": 6, "num_statements": 6, "percent_covered": 100.0, "percent_covered_display": "100", "missing_lines": 0, "excluded_lines": 0, "percent_statements_covered": 100.0, "percent_statements_covered_display": "100"}, "missing_lines": [], "excluded_lines": [], "start_line": 178}, "AuthController.get_me": {"executed_lines": [189, 190, 191, 194, 195, 196], "summary": {"covered_lines": 6, "num_statements": 6, "percent_covered": 100.0, "percent_covered_display": "100", "missing_lines": 0, "excluded_lines": 0, "percent_statements_covered": 100.0, "percent_statements_covered_display": "100"}, "missing_lines": [], "excluded_lines": [], "start_line": 187}, "": {"executed_lines": [3, 4, 5, 6, 7, 8, 10, 13, 20, 23, 40, 87, 104, 126, 165, 178, 187], "summary": {"covered_lines": 17, "num_statements": 17, "percent_covered": 100.0, "percent_covered_display": "100", "missing_lines": 0, "excluded_lines": 0, "percent_statements_covered": 100.0, "percent_statements_covered_display": "100"}, "missing_lines": [], "excluded_lines": [], "start_line": 1}}, "classes": {"AuthController": {"executed_lines": [21, 25, 26, 27, 33, 35, 36, 37, 38, 43, 45, 47, 50, 52, 58, 59, 60, 65, 69, 70, 74, 76, 81, 82, 89, 90, 91, 97, 98, 99, 107, 108, 110, 111, 112, 117, 118, 119, 122, 123, 124, 136, 137, 145, 149, 150, 152, 153, 154, 158, 159, 163, 167, 168, 171, 172, 173, 180, 181, 182, 183, 184, 185, 189, 190, 191, 194, 195, 196], "summary": {"covered_lines": 69, "num_statements": 69, "percent_covered": 100.0, "percent_covered_display": "100", "missing_lines": 0, "excluded_lines": 0, "percent_statements_covered": 100.0, "percent_statements_covered_display": "100"}, "missing_lines": [], "excluded_lines": [], "start_line": 13}, "": {"executed_lines": [3, 4, 5, 6, 7, 8, 10, 13, 20, 23, 40, 87, 104, 126, 165, 178, 187], "summary": {"covered_lines": 17, "num_statements": 17, "percent_covered": 100.0, "percent_covered_display": "100", "missing_lines": 0, "excluded_lines": 0, "percent_statements_covered": 100.0, "percent_statements_covered_display": "100"}, "missing_lines": [], "excluded_lines": [], "start_line": 1}}}, "src/api/routes/NLP_routes.py": {"executed_lines": [1, 3, 4, 5, 6, 7, 9, 11, 13, 14, 15, 16, 18, 19, 20, 22, 23, 24, 25, 26, 28, 29, 30, 31, 37, 38, 39, 40, 42, 43, 45, 46, 47, 51, 52, 53, 54, 55, 56, 57, 59, 66, 67, 69, 70, 77, 78, 79, 81, 82, 83, 84, 86, 87, 88, 90, 97, 98, 99, 100, 102, 103, 104, 105, 106, 107, 108, 109, 110, 111, 113, 114, 115, 116, 118, 125, 126, 131, 132, 133, 134, 136, 137, 138, 139, 140, 141, 142, 144, 145, 146, 147, 148, 149, 151, 157, 158, 165, 166, 167, 168, 170, 171, 172], "summary": {"covered_lines": 104, "num_statements": 104, "percent_covered": 100.0, "percent_covered_display": "100", "missing_lines": 0, "excluded_lines": 0, "percent_statements_covered": 100.0, "percent_statements_covered_display": "100"}, "missing_lines": [], "excluded_lines": [], "functions": {"index_project": {"executed_lines": [15, 16, 18, 19, 20, 22, 23, 24, 25, 26, 28, 29, 30, 31, 37, 38, 39, 40, 42, 43, 45, 46, 47, 51, 52, 53, 54, 55, 56, 57, 59, 66, 67, 69, 70, 77, 78, 79], "summary": {"covered_lines": 38, "num_statements": 38, "percent_covered": 100.0, "percent_covered_display": "100", "missing_lines": 0, "excluded_lines": 0, "percent_statements_covered": 100.0, "percent_statements_covered_display": "100"}, "missing_lines": [], "excluded_lines": [], "start_line": 14}, "get_index_info": {"executed_lines": [83, 84, 86, 87, 88, 90, 97, 98, 99, 100, 102, 103, 104], "summary": {"covered_lines": 13, "num_statements": 13, "percent_covered": 100.0, "percent_covered_display": "100", "missing_lines": 0, "excluded_lines": 0, "percent_statements_covered": 100.0, "percent_statements_covered_display": "100"}, "missing_lines": [], "excluded_lines": [], "start_line": 82}, "search_index": {"executed_lines": [107, 108, 109, 110, 111, 113, 114, 115, 116, 118, 125, 126, 131, 132, 133, 134, 136], "summary": {"covered_lines": 17, "num_statements": 17, "percent_covered": 100.0, "percent_covered_display": "100", "missing_lines": 0, "excluded_lines": 0, "percent_statements_covered": 100.0, "percent_statements_covered_display": "100"}, "missing_lines": [], "excluded_lines": [], "start_line": 106}, "answer_rag": {"executed_lines": [139, 140, 141, 142, 144, 145, 146, 147, 148, 149, 151, 157, 158, 165, 166, 167, 168, 170, 171, 172], "summary": {"covered_lines": 20, "num_statements": 20, "percent_covered": 100.0, "percent_covered_display": "100", "missing_lines": 0, "excluded_lines": 0, "percent_statements_covered": 100.0, "percent_statements_covered_display": "100"}, "missing_lines": [], "excluded_lines": [], "start_line": 138}, "": {"executed_lines": [1, 3, 4, 5, 6, 7, 9, 11, 13, 14, 81, 82, 105, 106, 137, 138], "summary": {"covered_lines": 16, "num_statements": 16, "percent_covered": 100.0, "percent_covered_display": "100", "missing_lines": 0, "excluded_lines": 0, "percent_statements_covered": 100.0, "percent_statements_covered_display": "100"}, "missing_lines": [], "excluded_lines": [], "start_line": 1}}, "classes": {"": {"executed_lines": [1, 3, 4, 5, 6, 7, 9, 11, 13, 14, 15, 16, 18, 19, 20, 22, 23, 24, 25, 26, 28, 29, 30, 31, 37, 38, 39, 40, 42, 43, 45, 46, 47, 51, 52, 53, 54, 55, 56, 57, 59, 66, 67, 69, 70, 77, 78, 79, 81, 82, 83, 84, 86, 87, 88, 90, 97, 98, 99, 100, 102, 103, 104, 105, 106, 107, 108, 109, 110, 111, 113, 114, 115, 116, 118, 125, 126, 131, 132, 133, 134, 136, 137, 138, 139, 140, 141, 142, 144, 145, 146, 147, 148, 149, 151, 157, 158, 165, 166, 167, 168, 170, 171, 172], "summary": {"covered_lines": 104, "num_statements": 104, "percent_covered": 100.0, "percent_covered_display": "100", "missing_lines": 0, "excluded_lines": 0, "percent_statements_covered": 100.0, "percent_statements_covered_display": "100"}, "missing_lines": [], "excluded_lines": [], "start_line": 1}}}, "src/api/routes/analytics_routes.py": {"executed_lines": [3, 4, 5, 6, 7, 8, 14, 17, 18, 21, 22, 27, 28, 31, 32, 38, 39, 42, 43, 44, 45, 46, 47, 48, 51, 52, 59, 60, 63, 64, 65, 66, 67, 68, 69, 72, 75, 80, 86, 89, 95], "summary": {"covered_lines": 41, "num_statements": 41, "percent_covered": 100.0, "percent_covered_display": "100", "missing_lines": 0, "excluded_lines": 0, "percent_statements_covered": 100.0, "percent_statements_covered_display": "100"}, "missing_lines": [], "excluded_lines": [], "functions": {"get_analytics_service": {"executed_lines": [18], "summary": {"covered_lines": 1, "num_statements": 1, "percent_covered": 100.0, "percent_covered_display": "100", "missing_lines": 0, "excluded_lines": 0, "percent_statements_covered": 100.0, "percent_statements_covered_display": "100"}, "missing_lines": [], "excluded_lines": [], "start_line": 17}, "get_appointments": {"executed_lines": [27, 28], "summary": {"covered_lines": 2, "num_statements": 2, "percent_covered": 100.0, "percent_covered_display": "100", "missing_lines": 0, "excluded_lines": 0, "percent_statements_covered": 100.0, "percent_statements_covered_display": "100"}, "missing_lines": [], "excluded_lines": [], "start_line": 22}, "create_appointment": {"executed_lines": [38, 39, 42, 43, 44, 45, 46, 47, 48], "summary": {"covered_lines": 9, "num_statements": 9, "percent_covered": 100.0, "percent_covered_display": "100", "missing_lines": 0, "excluded_lines": 0, "percent_statements_covered": 100.0, "percent_statements_covered_display": "100"}, "missing_lines": [], "excluded_lines": [], "start_line": 32}, "update_appointment": {"executed_lines": [59, 60, 63, 64, 65, 66, 67, 68, 69], "summary": {"covered_lines": 9, "num_statements": 9, "percent_covered": 100.0, "percent_covered_display": "100", "missing_lines": 0, "excluded_lines": 0, "percent_statements_covered": 100.0, "percent_statements_covered_display": "100"}, "missing_lines": [], "excluded_lines": [], "start_line": 52}, "get_dashboard": {"executed_lines": [80], "summary": {"covered_lines": 1, "num_statements": 1, "percent_covered": 100.0, "percent_covered_display": "100", "missing_lines": 0, "excluded_lines": 0, "percent_statements_covered": 100.0, "percent_statements_covered_display": "100"}, "missing_lines": [], "excluded_lines": [], "start_line": 75}, "get_trends": {"executed_lines": [95], "summary": {"covered_lines": 1, "num_statements": 1, "percent_covered": 100.0, "percent_covered_display": "100", "missing_lines": 0, "excluded_lines": 0, "percent_statements_covered": 100.0, "percent_statements_covered_display": "100"}, "missing_lines": [], "excluded_lines": [], "start_line": 89}, "": {"executed_lines": [3, 4, 5, 6, 7, 8, 14, 17, 21, 22, 31, 32, 51, 52, 72, 75, 86, 89], "summary": {"covered_lines": 18, "num_statements": 18, "percent_covered": 100.0, "percent_covered_display": "100", "missing_lines": 0, "excluded_lines": 0, "percent_statements_covered": 100.0, "percent_statements_covered_display": "100"}, "missing_lines": [], "excluded_lines": [], "start_line": 1}}, "classes": {"": {"executed_lines": [3, 4, 5, 6, 7, 8, 14, 17, 18, 21, 22, 27, 28, 31, 32, 38, 39, 42, 43, 44, 45, 46, 47, 48, 51, 52, 59, 60, 63, 64, 65, 66, 67, 68, 69, 72, 75, 80, 86, 89, 95], "summary": {"covered_lines": 41, "num_statements": 41, "percent_covered": 100.0, "percent_covered_display": "100", "missing_lines": 0, "excluded_lines": 0, "percent_statements_covered": 100.0, "percent_statements_covered_display": "100"}, "missing_lines": [], "excluded_lines": [], "start_line": 1}}}, "src/api/routes/audit_routes.py": {"executed_lines": [3, 4, 5, 6, 14, 19, 21, 23, 28, 33, 46, 47, 48, 49, 50, 51, 52, 53, 54, 55, 56, 57, 59, 60, 61, 62, 63, 66, 71, 73, 74, 75, 76, 77, 78, 79, 80, 81, 82, 85, 90, 96, 97, 98, 99, 100, 101, 102, 105, 109, 116, 117, 118, 119, 120, 121, 122, 123, 124, 125, 126, 129, 133, 139, 140, 141, 142, 143, 144, 145, 146, 147, 148, 149, 155, 160, 173, 174, 175, 176, 177, 178, 179, 180, 181, 182, 183, 184, 186, 187, 188, 189, 190, 195, 200, 204, 205, 206, 207, 208, 209, 210, 211, 212, 213, 218, 223, 229, 230, 231, 232, 233, 234, 235, 241, 246, 258, 259, 260, 261, 262, 263, 264, 265, 266, 267, 269, 270, 271, 272, 273, 276, 281, 285, 286, 287, 288, 289, 290, 291, 292, 293, 294, 297, 302, 308, 309, 310, 311, 312, 313, 314, 317, 322, 329, 330, 331, 332, 333, 334, 335, 336, 337, 338, 339, 342, 346, 352, 353, 354, 355, 356, 357, 358, 359, 360, 361, 362, 368, 372, 376, 377, 378, 379, 380, 381, 384, 388, 392, 393, 394, 395, 396, 397, 400, 404, 409, 410, 411, 412, 413, 416, 421, 425, 431, 432, 433, 436, 440, 441, 444, 449, 453, 458, 459, 460, 463, 464, 465, 468, 473, 478, 484, 485, 486, 487, 488, 489, 492, 497, 503, 504, 505, 506, 507, 508], "summary": {"covered_lines": 236, "num_statements": 236, "percent_covered": 100.0, "percent_covered_display": "100", "missing_lines": 0, "excluded_lines": 0, "percent_statements_covered": 100.0, "percent_statements_covered_display": "100"}, "missing_lines": [], "excluded_lines": [], "functions": {"list_audit_logs": {"executed_lines": [46, 47, 48, 49, 50, 51, 52, 53, 54, 55, 56, 57, 59, 60, 61, 62, 63], "summary": {"covered_lines": 17, "num_statements": 17, "percent_covered": 100.0, "percent_covered_display": "100", "missing_lines": 0, "excluded_lines": 0, "percent_statements_covered": 100.0, "percent_statements_covered_display": "100"}, "missing_lines": [], "excluded_lines": [], "start_line": 33}, "get_audit_log": {"executed_lines": [73, 74, 75, 76, 77, 78, 79, 80, 81, 82], "summary": {"covered_lines": 10, "num_statements": 10, "percent_covered": 100.0, "percent_covered_display": "100", "missing_lines": 0, "excluded_lines": 0, "percent_statements_covered": 100.0, "percent_statements_covered_display": "100"}, "missing_lines": [], "excluded_lines": [], "start_line": 71}, "create_audit_log": {"executed_lines": [96, 97, 98, 99, 100, 101, 102], "summary": {"covered_lines": 7, "num_statements": 7, "percent_covered": 100.0, "percent_covered_display": "100", "missing_lines": 0, "excluded_lines": 0, "percent_statements_covered": 100.0, "percent_statements_covered_display": "100"}, "missing_lines": [], "excluded_lines": [], "start_line": 90}, "flag_audit_log": {"executed_lines": [116, 117, 118, 119, 120, 121, 122, 123, 124, 125, 126], "summary": {"covered_lines": 11, "num_statements": 11, "percent_covered": 100.0, "percent_covered_display": "100", "missing_lines": 0, "excluded_lines": 0, "percent_statements_covered": 100.0, "percent_statements_covered_display": "100"}, "missing_lines": [], "excluded_lines": [], "start_line": 109}, "delete_audit_log": {"executed_lines": [139, 140, 141, 142, 143, 144, 145, 146, 147, 148, 149], "summary": {"covered_lines": 11, "num_statements": 11, "percent_covered": 100.0, "percent_covered_display": "100", "missing_lines": 0, "excluded_lines": 0, "percent_statements_covered": 100.0, "percent_statements_covered_display": "100"}, "missing_lines": [], "excluded_lines": [], "start_line": 133}, "list_data_access_logs": {"executed_lines": [173, 174, 175, 176, 177, 178, 179, 180, 181, 182, 183, 184, 186, 187, 188, 189, 190], "summary": {"covered_lines": 17, "num_statements": 17, "percent_covered": 100.0, "percent_covered_display": "100", "missing_lines": 0, "excluded_lines": 0, "percent_statements_covered": 100.0, "percent_statements_covered_display": "100"}, "missing_lines": [], "excluded_lines": [], "start_line": 160}, "get_data_access_log": {"executed_lines": [204, 205, 206, 207, 208, 209, 210, 211, 212, 213], "summary": {"covered_lines": 10, "num_statements": 10, "percent_covered": 100.0, "percent_covered_display": "100", "missing_lines": 0, "excluded_lines": 0, "percent_statements_covered": 100.0, "percent_statements_covered_display": "100"}, "missing_lines": [], "excluded_lines": [], "start_line": 200}, "create_data_access_log": {"executed_lines": [229, 230, 231, 232, 233, 234, 235], "summary": {"covered_lines": 7, "num_statements": 7, "percent_covered": 100.0, "percent_covered_display": "100", "missing_lines": 0, "excluded_lines": 0, "percent_statements_covered": 100.0, "percent_statements_covered_display": "100"}, "missing_lines": [], "excluded_lines": [], "start_line": 223}, "list_notifications": {"executed_lines": [258, 259, 260, 261, 262, 263, 264, 265, 266, 267, 269, 270, 271, 272, 273], "summary": {"covered_lines": 15, "num_statements": 15, "percent_covered": 100.0, "percent_covered_display": "100", "missing_lines": 0, "excluded_lines": 0, "percent_statements_covered": 100.0, "percent_statements_covered_display": "100"}, "missing_lines": [], "excluded_lines": [], "start_line": 246}, "get_notification": {"executed_lines": [285, 286, 287, 288, 289, 290, 291, 292, 293, 294], "summary": {"covered_lines": 10, "num_statements": 10, "percent_covered": 100.0, "percent_covered_display": "100", "missing_lines": 0, "excluded_lines": 0, "percent_statements_covered": 100.0, "percent_statements_covered_display": "100"}, "missing_lines": [], "excluded_lines": [], "start_line": 281}, "create_notification": {"executed_lines": [308, 309, 310, 311, 312, 313, 314], "summary": {"covered_lines": 7, "num_statements": 7, "percent_covered": 100.0, "percent_covered_display": "100", "missing_lines": 0, "excluded_lines": 0, "percent_statements_covered": 100.0, "percent_statements_covered_display": "100"}, "missing_lines": [], "excluded_lines": [], "start_line": 302}, "update_notification": {"executed_lines": [329, 330, 331, 332, 333, 334, 335, 336, 337, 338, 339], "summary": {"covered_lines": 11, "num_statements": 11, "percent_covered": 100.0, "percent_covered_display": "100", "missing_lines": 0, "excluded_lines": 0, "percent_statements_covered": 100.0, "percent_statements_covered_display": "100"}, "missing_lines": [], "excluded_lines": [], "start_line": 322}, "delete_notification": {"executed_lines": [352, 353, 354, 355, 356, 357, 358, 359, 360, 361, 362], "summary": {"covered_lines": 11, "num_statements": 11, "percent_covered": 100.0, "percent_covered_display": "100", "missing_lines": 0, "excluded_lines": 0, "percent_statements_covered": 100.0, "percent_statements_covered_display": "100"}, "missing_lines": [], "excluded_lines": [], "start_line": 346}, "get_user_audit_summary": {"executed_lines": [376, 377, 378, 379, 380, 381], "summary": {"covered_lines": 6, "num_statements": 6, "percent_covered": 100.0, "percent_covered_display": "100", "missing_lines": 0, "excluded_lines": 0, "percent_statements_covered": 100.0, "percent_statements_covered_display": "100"}, "missing_lines": [], "excluded_lines": [], "start_line": 372}, "get_patient_access_summary": {"executed_lines": [392, 393, 394, 395, 396, 397], "summary": {"covered_lines": 6, "num_statements": 6, "percent_covered": 100.0, "percent_covered_display": "100", "missing_lines": 0, "excluded_lines": 0, "percent_statements_covered": 100.0, "percent_statements_covered_display": "100"}, "missing_lines": [], "excluded_lines": [], "start_line": 388}, "get_unread_notification_count": {"executed_lines": [409, 410, 411, 412, 413, 416], "summary": {"covered_lines": 6, "num_statements": 6, "percent_covered": 100.0, "percent_covered_display": "100", "missing_lines": 0, "excluded_lines": 0, "percent_statements_covered": 100.0, "percent_statements_covered_display": "100"}, "missing_lines": [], "excluded_lines": [], "start_line": 404}, "mark_notifications_as_read": {"executed_lines": [431, 432, 433, 436, 440, 441, 444], "summary": {"covered_lines": 7, "num_statements": 7, "percent_covered": 100.0, "percent_covered_display": "100", "missing_lines": 0, "excluded_lines": 0, "percent_statements_covered": 100.0, "percent_statements_covered_display": "100"}, "missing_lines": [], "excluded_lines": [], "start_line": 425}, "mark_all_notifications_as_read": {"executed_lines": [458, 459, 460, 463, 464, 465, 468], "summary": {"covered_lines": 7, "num_statements": 7, "percent_covered": 100.0, "percent_covered_display": "100", "missing_lines": 0, "excluded_lines": 0, "percent_statements_covered": 100.0, "percent_statements_covered_display": "100"}, "missing_lines": [], "excluded_lines": [], "start_line": 453}, "get_flagged_logs": {"executed_lines": [484, 485, 486, 487, 488, 489], "summary": {"covered_lines": 6, "num_statements": 6, "percent_covered": 100.0, "percent_covered_display": "100", "missing_lines": 0, "excluded_lines": 0, "percent_statements_covered": 100.0, "percent_statements_covered_display": "100"}, "missing_lines": [], "excluded_lines": [], "start_line": 478}, "get_sensitive_logs": {"executed_lines": [503, 504, 505, 506, 507, 508], "summary": {"covered_lines": 6, "num_statements": 6, "percent_covered": 100.0, "percent_covered_display": "100", "missing_lines": 0, "excluded_lines": 0, "percent_statements_covered": 100.0, "percent_statements_covered_display": "100"}, "missing_lines": [], "excluded_lines": [], "start_line": 497}, "": {"executed_lines": [3, 4, 5, 6, 14, 19, 21, 23, 28, 33, 66, 71, 85, 90, 105, 109, 129, 133, 155, 160, 195, 200, 218, 223, 241, 246, 276, 281, 297, 302, 317, 322, 342, 346, 368, 372, 384, 388, 400, 404, 421, 425, 449, 453, 473, 478, 492, 497], "summary": {"covered_lines": 48, "num_statements": 48, "percent_covered": 100.0, "percent_covered_display": "100", "missing_lines": 0, "excluded_lines": 0, "percent_statements_covered": 100.0, "percent_statements_covered_display": "100"}, "missing_lines": [], "excluded_lines": [], "start_line": 1}}, "classes": {"": {"executed_lines": [3, 4, 5, 6, 14, 19, 21, 23, 28, 33, 46, 47, 48, 49, 50, 51, 52, 53, 54, 55, 56, 57, 59, 60, 61, 62, 63, 66, 71, 73, 74, 75, 76, 77, 78, 79, 80, 81, 82, 85, 90, 96, 97, 98, 99, 100, 101, 102, 105, 109, 116, 117, 118, 119, 120, 121, 122, 123, 124, 125, 126, 129, 133, 139, 140, 141, 142, 143, 144, 145, 146, 147, 148, 149, 155, 160, 173, 174, 175, 176, 177, 178, 179, 180, 181, 182, 183, 184, 186, 187, 188, 189, 190, 195, 200, 204, 205, 206, 207, 208, 209, 210, 211, 212, 213, 218, 223, 229, 230, 231, 232, 233, 234, 235, 241, 246, 258, 259, 260, 261, 262, 263, 264, 265, 266, 267, 269, 270, 271, 272, 273, 276, 281, 285, 286, 287, 288, 289, 290, 291, 292, 293, 294, 297, 302, 308, 309, 310, 311, 312, 313, 314, 317, 322, 329, 330, 331, 332, 333, 334, 335, 336, 337, 338, 339, 342, 346, 352, 353, 354, 355, 356, 357, 358, 359, 360, 361, 362, 368, 372, 376, 377, 378, 379, 380, 381, 384, 388, 392, 393, 394, 395, 396, 397, 400, 404, 409, 410, 411, 412, 413, 416, 421, 425, 431, 432, 433, 436, 440, 441, 444, 449, 453, 458, 459, 460, 463, 464, 465, 468, 473, 478, 484, 485, 486, 487, 488, 489, 492, 497, 503, 504, 505, 506, 507, 508], "summary": {"covered_lines": 236, "num_statements": 236, "percent_covered": 100.0, "percent_covered_display": "100", "missing_lines": 0, "excluded_lines": 0, "percent_statements_covered": 100.0, "percent_statements_covered_display": "100"}, "missing_lines": [], "excluded_lines": [], "start_line": 1}}}, "src/api/routes/auth_routes.py": {"executed_lines": [3, 5, 6, 7, 8, 9, 10, 11, 12, 13, 20, 22, 23, 25, 26, 29, 30, 38, 39, 47, 48, 51, 52, 53, 54, 55, 57, 58, 59, 60, 63, 64, 65, 66, 69, 78, 81, 84, 94, 95, 101, 102, 103, 104, 106, 111, 117, 118, 119, 120, 125, 126, 127, 130, 138, 143, 144, 145, 150, 151, 152, 153, 154, 157, 166, 167, 173, 176, 186, 187, 193, 197, 207, 216, 220, 223, 231, 237, 240, 242, 243, 244, 249, 250, 251], "summary": {"covered_lines": 85, "num_statements": 85, "percent_covered": 100.0, "percent_covered_display": "100", "missing_lines": 0, "excluded_lines": 0, "percent_statements_covered": 100.0, "percent_statements_covered_display": "100"}, "missing_lines": [], "excluded_lines": [], "functions": {"_cookie_kwargs": {"executed_lines": [30], "summary": {"covered_lines": 1, "num_statements": 1, "percent_covered": 100.0, "percent_covered_display": "100", "missing_lines": 0, "excluded_lines": 0, "percent_statements_covered": 100.0, "percent_statements_covered_display": "100"}, "missing_lines": [], "excluded_lines": [], "start_line": 29}, "_set_refresh_cookie": {"executed_lines": [39], "summary": {"covered_lines": 1, "num_statements": 1, "percent_covered": 100.0, "percent_covered_display": "100", "missing_lines": 0, "excluded_lines": 0, "percent_statements_covered": 100.0, "percent_statements_covered_display": "100"}, "missing_lines": [], "excluded_lines": [], "start_line": 38}, "_clear_refresh_cookie": {"executed_lines": [48], "summary": {"covered_lines": 1, "num_statements": 1, "percent_covered": 100.0, "percent_covered_display": "100", "missing_lines": 0, "excluded_lines": 0, "percent_statements_covered": 100.0, "percent_statements_covered_display": "100"}, "missing_lines": [], "excluded_lines": [], "start_line": 47}, "_sanitize_auth_response": {"executed_lines": [52, 53, 54, 55, 57, 58, 59, 60], "summary": {"covered_lines": 8, "num_statements": 8, "percent_covered": 100.0, "percent_covered_display": "100", "missing_lines": 0, "excluded_lines": 0, "percent_statements_covered": 100.0, "percent_statements_covered_display": "100"}, "missing_lines": [], "excluded_lines": [], "start_line": 51}, "get_auth_controller": {"executed_lines": [64, 65, 66], "summary": {"covered_lines": 3, "num_statements": 3, "percent_covered": 100.0, "percent_covered_display": "100", "missing_lines": 0, "excluded_lines": 0, "percent_statements_covered": 100.0, "percent_statements_covered_display": "100"}, "missing_lines": [], "excluded_lines": [], "start_line": 63}, "sign_up": {"executed_lines": [81], "summary": {"covered_lines": 1, "num_statements": 1, "percent_covered": 100.0, "percent_covered_display": "100", "missing_lines": 0, "excluded_lines": 0, "percent_statements_covered": 100.0, "percent_statements_covered_display": "100"}, "missing_lines": [], "excluded_lines": [], "start_line": 78}, "sign_in": {"executed_lines": [101, 102, 103, 104, 106, 111, 117, 118, 119, 120, 125, 126, 127], "summary": {"covered_lines": 13, "num_statements": 13, "percent_covered": 100.0, "percent_covered_display": "100", "missing_lines": 0, "excluded_lines": 0, "percent_statements_covered": 100.0, "percent_statements_covered_display": "100"}, "missing_lines": [], "excluded_lines": [], "start_line": 95}, "refresh_session": {"executed_lines": [143, 144, 145, 150, 151, 152, 153, 154], "summary": {"covered_lines": 8, "num_statements": 8, "percent_covered": 100.0, "percent_covered_display": "100", "missing_lines": 0, "excluded_lines": 0, "percent_statements_covered": 100.0, "percent_statements_covered_display": "100"}, "missing_lines": [], "excluded_lines": [], "start_line": 138}, "reset_password": {"executed_lines": [173], "summary": {"covered_lines": 1, "num_statements": 1, "percent_covered": 100.0, "percent_covered_display": "100", "missing_lines": 0, "excluded_lines": 0, "percent_statements_covered": 100.0, "percent_statements_covered_display": "100"}, "missing_lines": [], "excluded_lines": [], "start_line": 167}, "update_password": {"executed_lines": [193, 197], "summary": {"covered_lines": 2, "num_statements": 2, "percent_covered": 100.0, "percent_covered_display": "100", "missing_lines": 0, "excluded_lines": 0, "percent_statements_covered": 100.0, "percent_statements_covered_display": "100"}, "missing_lines": [], "excluded_lines": [], "start_line": 187}, "get_me": {"executed_lines": [220], "summary": {"covered_lines": 1, "num_statements": 1, "percent_covered": 100.0, "percent_covered_display": "100", "missing_lines": 0, "excluded_lines": 0, "percent_statements_covered": 100.0, "percent_statements_covered_display": "100"}, "missing_lines": [], "excluded_lines": [], "start_line": 216}, "sign_out": {"executed_lines": [237, 240, 242, 243, 244, 249, 250, 251], "summary": {"covered_lines": 8, "num_statements": 8, "percent_covered": 100.0, "percent_covered_display": "100", "missing_lines": 0, "excluded_lines": 0, "percent_statements_covered": 100.0, "percent_statements_covered_display": "100"}, "missing_lines": [], "excluded_lines": [], "start_line": 231}, "": {"executed_lines": [3, 5, 6, 7, 8, 9, 10, 11, 12, 13, 20, 22, 23, 25, 26, 29, 38, 47, 51, 63, 69, 78, 84, 94, 95, 130, 138, 157, 166, 167, 176, 186, 187, 207, 216, 223, 231], "summary": {"covered_lines": 37, "num_statements": 37, "percent_covered": 100.0, "percent_covered_display": "100", "missing_lines": 0, "excluded_lines": 0, "percent_statements_covered": 100.0, "percent_statements_covered_display": "100"}, "missing_lines": [], "excluded_lines": [], "start_line": 1}}, "classes": {"": {"executed_lines": [3, 5, 6, 7, 8, 9, 10, 11, 12, 13, 20, 22, 23, 25, 26, 29, 30, 38, 39, 47, 48, 51, 52, 53, 54, 55, 57, 58, 59, 60, 63, 64, 65, 66, 69, 78, 81, 84, 94, 95, 101, 102, 103, 104, 106, 111, 117, 118, 119, 120, 125, 126, 127, 130, 138, 143, 144, 145, 150, 151, 152, 153, 154, 157, 166, 167, 173, 176, 186, 187, 193, 197, 207, 216, 220, 223, 231, 237, 240, 242, 243, 244, 249, 250, 251], "summary": {"covered_lines": 85, "num_statements": 85, "percent_covered": 100.0, "percent_covered_display": "100", "missing_lines": 0, "excluded_lines": 0, "percent_statements_covered": 100.0, "percent_statements_covered_display": "100"}, "missing_lines": [], "excluded_lines": [], "start_line": 1}}}, "src/api/routes/clinical_routes.py": {"executed_lines": [3, 4, 6, 7, 9, 10, 11, 16, 17, 18, 22, 43, 45, 58, 59, 60, 61, 64, 65, 68, 69, 72, 73, 74, 75, 78, 79, 80, 81, 84, 87, 88, 90, 91, 92, 93, 96, 101, 102, 103, 105, 106, 108, 114, 119, 130, 131, 132, 133, 134, 135, 136, 137, 138, 139, 140, 141, 143, 144, 145, 146, 147, 150, 155, 159, 160, 161, 162, 163, 164, 165, 166, 167, 168, 171, 175, 181, 182, 185, 186, 187, 188, 189, 191, 192, 193, 194, 195, 196, 197, 198, 199, 200, 203, 208, 215, 216, 219, 220, 221, 222, 223, 224, 225, 226, 227, 230, 234, 240, 241, 242, 243, 244, 245, 246, 247, 248, 249, 250, 253, 257, 264, 265, 266, 267, 268, 269, 270, 271, 272, 273, 274, 280, 285, 296, 297, 298, 299, 300, 301, 302, 303, 304, 305, 306, 307, 309, 310, 311, 312, 313, 316, 321, 325, 326, 327, 328, 329, 330, 331, 332, 333, 334, 337, 342, 348, 349, 350, 351, 352, 353, 354, 355, 356, 359, 364, 371, 372, 375, 376, 377, 378, 379, 380, 381, 382, 383, 386, 390, 397, 398, 399, 400, 401, 402, 403, 404, 405, 406, 407, 413, 418, 427, 428, 429, 430, 431, 432, 434, 435, 436, 437, 438, 441, 446, 452, 453, 454, 455, 456, 457, 458, 459, 460, 461, 464, 468, 474, 475, 478, 479, 480, 481, 482, 483, 484, 485, 486, 487, 488, 489, 492, 496, 502, 503, 504, 505, 506, 507, 508, 509, 510, 511, 512, 518, 523, 531, 532, 535, 536, 541, 542, 548, 551, 556, 567, 568, 569, 570, 573, 575, 576, 577, 578, 579, 587, 591, 602, 603, 604, 605, 606, 607, 608, 609, 610, 611, 612, 614, 615, 616, 617, 618, 619, 620, 623, 628, 632, 633, 634, 635, 636, 637, 638, 639, 640, 641, 644, 649, 655, 656, 657, 658, 659, 660, 661, 662, 663, 666, 671, 678, 679, 682, 683, 684, 685, 686, 687, 688, 689, 690, 693, 698, 705, 706, 709, 710, 711, 712, 713, 716, 720, 726, 727, 728, 729, 730, 731, 732, 733, 734, 735, 736, 742, 747, 757, 758, 759, 760, 761, 762, 763, 764, 766, 767, 768, 769, 770, 773, 778, 784, 785, 786, 787, 788, 789, 790, 791, 792, 793, 796, 800, 806, 807, 810, 811, 812, 813, 814, 815, 816, 817, 818, 819, 820, 821, 824, 828, 834, 835, 836, 837, 838, 839, 840, 841, 842, 843, 844, 850, 855, 864, 865, 868, 869, 874, 875, 878, 879, 884, 898, 899, 900, 901, 902, 904, 905, 906, 907, 908, 916, 920, 931, 932, 933, 934, 935, 936, 937, 938, 939, 940, 941, 943, 944, 945, 946, 947, 948, 949, 952, 957, 963, 964, 965, 966, 967, 968, 969, 970, 971, 972, 975, 979, 985, 986, 989, 990, 991, 992, 993, 994, 995, 996, 997, 998, 999, 1000, 1003, 1008, 1015, 1016, 1019, 1020, 1021, 1022, 1023, 1024, 1025, 1026, 1027, 1030, 1035, 1042, 1043, 1046, 1047, 1048, 1049, 1050, 1053, 1057, 1063, 1064, 1065, 1066, 1067, 1068, 1069, 1070, 1071, 1072, 1073, 1079, 1084, 1095, 1096, 1097, 1098, 1099, 1100, 1101, 1102, 1103, 1104, 1105, 1106, 1108, 1109, 1110, 1111, 1112, 1115, 1120, 1124, 1125, 1126, 1127, 1128, 1129, 1130, 1131, 1132, 1133, 1136, 1141, 1147, 1148, 1149, 1150, 1151, 1152, 1153, 1154, 1155, 1158, 1163, 1170, 1171, 1172, 1173, 1174, 1175, 1176, 1177, 1178, 1179, 1180, 1183, 1187, 1194, 1195, 1196, 1197, 1198, 1199, 1200, 1201, 1202, 1203, 1204, 1207, 1211, 1217, 1218, 1219, 1220, 1221, 1222, 1223, 1224, 1225, 1226, 1227, 1233, 1237, 1243, 1244, 1245, 1246, 1247, 1248, 1256, 1257, 1261, 1262, 1265, 1266, 1276, 1277, 1278, 1284, 1289, 1290, 1291, 1292, 1295, 1296, 1301, 1302, 1303, 1304, 1309, 1310, 1311, 1312, 1315, 1316, 1321, 1322, 1323, 1324, 1329, 1330, 1331, 1332, 1335, 1336, 1341, 1342, 1343, 1344, 1346, 1350, 1351, 1353, 1354, 1362, 1363, 1364, 1366, 1367, 1368, 1370, 1371, 1372, 1374, 1375, 1376, 1378, 1379, 1384, 1390, 1393, 1399, 1405, 1422, 1425, 1432, 1433, 1434, 1435, 1436, 1437, 1438, 1441, 1444, 1450, 1451, 1452, 1453, 1454, 1455, 1456, 1459, 1460, 1466, 1467, 1469, 1470, 1471, 1472, 1473, 1475, 1476, 1477, 1478, 1479, 1480, 1481, 1484, 1485, 1491, 1492, 1494, 1495, 1496, 1497, 1498, 1500, 1501, 1502, 1503, 1504, 1505, 1506, 1509, 1510, 1518, 1519, 1520, 1521, 1523, 1528, 1529, 1532, 1533, 1534, 1535, 1536], "summary": {"covered_lines": 730, "num_statements": 730, "percent_covered": 100.0, "percent_covered_display": "100", "missing_lines": 0, "excluded_lines": 0, "percent_statements_covered": 100.0, "percent_statements_covered_display": "100"}, "missing_lines": [], "excluded_lines": [], "functions": {"get_clinical_service": {"executed_lines": [59, 60, 61], "summary": {"covered_lines": 3, "num_statements": 3, "percent_covered": 100.0, "percent_covered_display": "100", "missing_lines": 0, "excluded_lines": 0, "percent_statements_covered": 100.0, "percent_statements_covered_display": "100"}, "missing_lines": [], "excluded_lines": [], "start_line": 58}, "_has_permission": {"executed_lines": [79, 80, 81], "summary": {"covered_lines": 3, "num_statements": 3, "percent_covered": 100.0, "percent_covered_display": "100", "missing_lines": 0, "excluded_lines": 0, "percent_statements_covered": 100.0, "percent_statements_covered_display": "100"}, "missing_lines": [], "excluded_lines": [], "start_line": 78}, "_resolve_request_patient_id": {"executed_lines": [87, 88, 90, 91, 92, 93], "summary": {"covered_lines": 6, "num_statements": 6, "percent_covered": 100.0, "percent_covered_display": "100", "missing_lines": 0, "excluded_lines": 0, "percent_statements_covered": 100.0, "percent_statements_covered_display": "100"}, "missing_lines": [], "excluded_lines": [], "start_line": 84}, "_ensure_clinical_permission": {"executed_lines": [101, 102, 103, 105, 106, 108], "summary": {"covered_lines": 6, "num_statements": 6, "percent_covered": 100.0, "percent_covered_display": "100", "missing_lines": 0, "excluded_lines": 0, "percent_statements_covered": 100.0, "percent_statements_covered_display": "100"}, "missing_lines": [], "excluded_lines": [], "start_line": 96}, "list_medical_cases": {"executed_lines": [130, 131, 132, 133, 134, 135, 136, 137, 138, 139, 140, 141, 143, 144, 145, 146, 147], "summary": {"covered_lines": 17, "num_statements": 17, "percent_covered": 100.0, "percent_covered_display": "100", "missing_lines": 0, "excluded_lines": 0, "percent_statements_covered": 100.0, "percent_statements_covered_display": "100"}, "missing_lines": [], "excluded_lines": [], "start_line": 119}, "get_medical_case": {"executed_lines": [159, 160, 161, 162, 163, 164, 165, 166, 167, 168], "summary": {"covered_lines": 10, "num_statements": 10, "percent_covered": 100.0, "percent_covered_display": "100", "missing_lines": 0, "excluded_lines": 0, "percent_statements_covered": 100.0, "percent_statements_covered_display": "100"}, "missing_lines": [], "excluded_lines": [], "start_line": 155}, "create_medical_case": {"executed_lines": [181, 182, 185, 186, 187, 188, 189, 191, 192, 193, 194, 195, 196, 197, 198, 199, 200], "summary": {"covered_lines": 17, "num_statements": 17, "percent_covered": 100.0, "percent_covered_display": "100", "missing_lines": 0, "excluded_lines": 0, "percent_statements_covered": 100.0, "percent_statements_covered_display": "100"}, "missing_lines": [], "excluded_lines": [], "start_line": 175}, "update_medical_case": {"executed_lines": [215, 216, 219, 220, 221, 222, 223, 224, 225, 226, 227], "summary": {"covered_lines": 11, "num_statements": 11, "percent_covered": 100.0, "percent_covered_display": "100", "missing_lines": 0, "excluded_lines": 0, "percent_statements_covered": 100.0, "percent_statements_covered_display": "100"}, "missing_lines": [], "excluded_lines": [], "start_line": 208}, "delete_medical_case": {"executed_lines": [240, 241, 242, 243, 244, 245, 246, 247, 248, 249, 250], "summary": {"covered_lines": 11, "num_statements": 11, "percent_covered": 100.0, "percent_covered_display": "100", "missing_lines": 0, "excluded_lines": 0, "percent_statements_covered": 100.0, "percent_statements_covered_display": "100"}, "missing_lines": [], "excluded_lines": [], "start_line": 234}, "archive_medical_case": {"executed_lines": [264, 265, 266, 267, 268, 269, 270, 271, 272, 273, 274], "summary": {"covered_lines": 11, "num_statements": 11, "percent_covered": 100.0, "percent_covered_display": "100", "missing_lines": 0, "excluded_lines": 0, "percent_statements_covered": 100.0, "percent_statements_covered_display": "100"}, "missing_lines": [], "excluded_lines": [], "start_line": 257}, "list_medical_files": {"executed_lines": [296, 297, 298, 299, 300, 301, 302, 303, 304, 305, 306, 307, 309, 310, 311, 312, 313], "summary": {"covered_lines": 17, "num_statements": 17, "percent_covered": 100.0, "percent_covered_display": "100", "missing_lines": 0, "excluded_lines": 0, "percent_statements_covered": 100.0, "percent_statements_covered_display": "100"}, "missing_lines": [], "excluded_lines": [], "start_line": 285}, "get_medical_file": {"executed_lines": [325, 326, 327, 328, 329, 330, 331, 332, 333, 334], "summary": {"covered_lines": 10, "num_statements": 10, "percent_covered": 100.0, "percent_covered_display": "100", "missing_lines": 0, "excluded_lines": 0, "percent_statements_covered": 100.0, "percent_statements_covered_display": "100"}, "missing_lines": [], "excluded_lines": [], "start_line": 321}, "create_medical_file": {"executed_lines": [348, 349, 350, 351, 352, 353, 354, 355, 356], "summary": {"covered_lines": 9, "num_statements": 9, "percent_covered": 100.0, "percent_covered_display": "100", "missing_lines": 0, "excluded_lines": 0, "percent_statements_covered": 100.0, "percent_statements_covered_display": "100"}, "missing_lines": [], "excluded_lines": [], "start_line": 342}, "update_medical_file": {"executed_lines": [371, 372, 375, 376, 377, 378, 379, 380, 381, 382, 383], "summary": {"covered_lines": 11, "num_statements": 11, "percent_covered": 100.0, "percent_covered_display": "100", "missing_lines": 0, "excluded_lines": 0, "percent_statements_covered": 100.0, "percent_statements_covered_display": "100"}, "missing_lines": [], "excluded_lines": [], "start_line": 364}, "delete_medical_file": {"executed_lines": [397, 398, 399, 400, 401, 402, 403, 404, 405, 406, 407], "summary": {"covered_lines": 11, "num_statements": 11, "percent_covered": 100.0, "percent_covered_display": "100", "missing_lines": 0, "excluded_lines": 0, "percent_statements_covered": 100.0, "percent_statements_covered_display": "100"}, "missing_lines": [], "excluded_lines": [], "start_line": 390}, "list_ecg_signals": {"executed_lines": [427, 428, 429, 430, 431, 432, 434, 435, 436, 437, 438], "summary": {"covered_lines": 11, "num_statements": 11, "percent_covered": 100.0, "percent_covered_display": "100", "missing_lines": 0, "excluded_lines": 0, "percent_statements_covered": 100.0, "percent_statements_covered_display": "100"}, "missing_lines": [], "excluded_lines": [], "start_line": 418}, "get_ecg_signal": {"executed_lines": [452, 453, 454, 455, 456, 457, 458, 459, 460, 461], "summary": {"covered_lines": 10, "num_statements": 10, "percent_covered": 100.0, "percent_covered_display": "100", "missing_lines": 0, "excluded_lines": 0, "percent_statements_covered": 100.0, "percent_statements_covered_display": "100"}, "missing_lines": [], "excluded_lines": [], "start_line": 446}, "create_ecg_signal": {"executed_lines": [474, 475, 478, 479, 480, 481, 482, 483, 484, 485, 486, 487, 488, 489], "summary": {"covered_lines": 14, "num_statements": 14, "percent_covered": 100.0, "percent_covered_display": "100", "missing_lines": 0, "excluded_lines": 0, "percent_statements_covered": 100.0, "percent_statements_covered_display": "100"}, "missing_lines": [], "excluded_lines": [], "start_line": 468}, "delete_ecg_signal": {"executed_lines": [502, 503, 504, 505, 506, 507, 508, 509, 510, 511, 512], "summary": {"covered_lines": 11, "num_statements": 11, "percent_covered": 100.0, "percent_covered_display": "100", "missing_lines": 0, "excluded_lines": 0, "percent_statements_covered": 100.0, "percent_statements_covered_display": "100"}, "missing_lines": [], "excluded_lines": [], "start_line": 496}, "create_ecg_signal_from_file": {"executed_lines": [531, 532, 535, 536, 541, 542, 548, 551, 556, 567, 568, 569, 570, 573, 575, 576, 577, 578, 579], "summary": {"covered_lines": 19, "num_statements": 19, "percent_covered": 100.0, "percent_covered_display": "100", "missing_lines": 0, "excluded_lines": 0, "percent_statements_covered": 100.0, "percent_statements_covered_display": "100"}, "missing_lines": [], "excluded_lines": [], "start_line": 523}, "list_ecg_results": {"executed_lines": [602, 603, 604, 605, 606, 607, 608, 609, 610, 611, 612, 614, 615, 616, 617, 618, 619, 620], "summary": {"covered_lines": 18, "num_statements": 18, "percent_covered": 100.0, "percent_covered_display": "100", "missing_lines": 0, "excluded_lines": 0, "percent_statements_covered": 100.0, "percent_statements_covered_display": "100"}, "missing_lines": [], "excluded_lines": [], "start_line": 591}, "get_ecg_result": {"executed_lines": [632, 633, 634, 635, 636, 637, 638, 639, 640, 641], "summary": {"covered_lines": 10, "num_statements": 10, "percent_covered": 100.0, "percent_covered_display": "100", "missing_lines": 0, "excluded_lines": 0, "percent_statements_covered": 100.0, "percent_statements_covered_display": "100"}, "missing_lines": [], "excluded_lines": [], "start_line": 628}, "create_ecg_result": {"executed_lines": [655, 656, 657, 658, 659, 660, 661, 662, 663], "summary": {"covered_lines": 9, "num_statements": 9, "percent_covered": 100.0, "percent_covered_display": "100", "missing_lines": 0, "excluded_lines": 0, "percent_statements_covered": 100.0, "percent_statements_covered_display": "100"}, "missing_lines": [], "excluded_lines": [], "start_line": 649}, "update_ecg_result": {"executed_lines": [678, 679, 682, 683, 684, 685, 686, 687, 688, 689, 690], "summary": {"covered_lines": 11, "num_statements": 11, "percent_covered": 100.0, "percent_covered_display": "100", "missing_lines": 0, "excluded_lines": 0, "percent_statements_covered": 100.0, "percent_statements_covered_display": "100"}, "missing_lines": [], "excluded_lines": [], "start_line": 671}, "review_ecg_result": {"executed_lines": [705, 706, 709, 710, 711, 712, 713], "summary": {"covered_lines": 7, "num_statements": 7, "percent_covered": 100.0, "percent_covered_display": "100", "missing_lines": 0, "excluded_lines": 0, "percent_statements_covered": 100.0, "percent_statements_covered_display": "100"}, "missing_lines": [], "excluded_lines": [], "start_line": 698}, "delete_ecg_result": {"executed_lines": [726, 727, 728, 729, 730, 731, 732, 733, 734, 735, 736], "summary": {"covered_lines": 11, "num_statements": 11, "percent_covered": 100.0, "percent_covered_display": "100", "missing_lines": 0, "excluded_lines": 0, "percent_statements_covered": 100.0, "percent_statements_covered_display": "100"}, "missing_lines": [], "excluded_lines": [], "start_line": 720}, "list_mri_scans": {"executed_lines": [757, 758, 759, 760, 761, 762, 763, 764, 766, 767, 768, 769, 770], "summary": {"covered_lines": 13, "num_statements": 13, "percent_covered": 100.0, "percent_covered_display": "100", "missing_lines": 0, "excluded_lines": 0, "percent_statements_covered": 100.0, "percent_statements_covered_display": "100"}, "missing_lines": [], "excluded_lines": [], "start_line": 747}, "get_mri_scan": {"executed_lines": [784, 785, 786, 787, 788, 789, 790, 791, 792, 793], "summary": {"covered_lines": 10, "num_statements": 10, "percent_covered": 100.0, "percent_covered_display": "100", "missing_lines": 0, "excluded_lines": 0, "percent_statements_covered": 100.0, "percent_statements_covered_display": "100"}, "missing_lines": [], "excluded_lines": [], "start_line": 778}, "create_mri_scan": {"executed_lines": [806, 807, 810, 811, 812, 813, 814, 815, 816, 817, 818, 819, 820, 821], "summary": {"covered_lines": 14, "num_statements": 14, "percent_covered": 100.0, "percent_covered_display": "100", "missing_lines": 0, "excluded_lines": 0, "percent_statements_covered": 100.0, "percent_statements_covered_display": "100"}, "missing_lines": [], "excluded_lines": [], "start_line": 800}, "delete_mri_scan": {"executed_lines": [834, 835, 836, 837, 838, 839, 840, 841, 842, 843, 844], "summary": {"covered_lines": 11, "num_statements": 11, "percent_covered": 100.0, "percent_covered_display": "100", "missing_lines": 0, "excluded_lines": 0, "percent_statements_covered": 100.0, "percent_statements_covered_display": "100"}, "missing_lines": [], "excluded_lines": [], "start_line": 828}, "create_mri_scan_from_file": {"executed_lines": [864, 865, 868, 869, 874, 875, 878, 879, 884, 898, 899, 900, 901, 902, 904, 905, 906, 907, 908], "summary": {"covered_lines": 19, "num_statements": 19, "percent_covered": 100.0, "percent_covered_display": "100", "missing_lines": 0, "excluded_lines": 0, "percent_statements_covered": 100.0, "percent_statements_covered_display": "100"}, "missing_lines": [], "excluded_lines": [], "start_line": 855}, "list_mri_results": {"executed_lines": [931, 932, 933, 934, 935, 936, 937, 938, 939, 940, 941, 943, 944, 945, 946, 947, 948, 949], "summary": {"covered_lines": 18, "num_statements": 18, "percent_covered": 100.0, "percent_covered_display": "100", "missing_lines": 0, "excluded_lines": 0, "percent_statements_covered": 100.0, "percent_statements_covered_display": "100"}, "missing_lines": [], "excluded_lines": [], "start_line": 920}, "get_mri_result": {"executed_lines": [963, 964, 965, 966, 967, 968, 969, 970, 971, 972], "summary": {"covered_lines": 10, "num_statements": 10, "percent_covered": 100.0, "percent_covered_display": "100", "missing_lines": 0, "excluded_lines": 0, "percent_statements_covered": 100.0, "percent_statements_covered_display": "100"}, "missing_lines": [], "excluded_lines": [], "start_line": 957}, "create_mri_result": {"executed_lines": [985, 986, 989, 990, 991, 992, 993, 994, 995, 996, 997, 998, 999, 1000], "summary": {"covered_lines": 14, "num_statements": 14, "percent_covered": 100.0, "percent_covered_display": "100", "missing_lines": 0, "excluded_lines": 0, "percent_statements_covered": 100.0, "percent_statements_covered_display": "100"}, "missing_lines": [], "excluded_lines": [], "start_line": 979}, "update_mri_result": {"executed_lines": [1015, 1016, 1019, 1020, 1021, 1022, 1023, 1024, 1025, 1026, 1027], "summary": {"covered_lines": 11, "num_statements": 11, "percent_covered": 100.0, "percent_covered_display": "100", "missing_lines": 0, "excluded_lines": 0, "percent_statements_covered": 100.0, "percent_statements_covered_display": "100"}, "missing_lines": [], "excluded_lines": [], "start_line": 1008}, "review_mri_result": {"executed_lines": [1042, 1043, 1046, 1047, 1048, 1049, 1050], "summary": {"covered_lines": 7, "num_statements": 7, "percent_covered": 100.0, "percent_covered_display": "100", "missing_lines": 0, "excluded_lines": 0, "percent_statements_covered": 100.0, "percent_statements_covered_display": "100"}, "missing_lines": [], "excluded_lines": [], "start_line": 1035}, "delete_mri_result": {"executed_lines": [1063, 1064, 1065, 1066, 1067, 1068, 1069, 1070, 1071, 1072, 1073], "summary": {"covered_lines": 11, "num_statements": 11, "percent_covered": 100.0, "percent_covered_display": "100", "missing_lines": 0, "excluded_lines": 0, "percent_statements_covered": 100.0, "percent_statements_covered_display": "100"}, "missing_lines": [], "excluded_lines": [], "start_line": 1057}, "list_reports": {"executed_lines": [1095, 1096, 1097, 1098, 1099, 1100, 1101, 1102, 1103, 1104, 1105, 1106, 1108, 1109, 1110, 1111, 1112], "summary": {"covered_lines": 17, "num_statements": 17, "percent_covered": 100.0, "percent_covered_display": "100", "missing_lines": 0, "excluded_lines": 0, "percent_statements_covered": 100.0, "percent_statements_covered_display": "100"}, "missing_lines": [], "excluded_lines": [], "start_line": 1084}, "get_report": {"executed_lines": [1124, 1125, 1126, 1127, 1128, 1129, 1130, 1131, 1132, 1133], "summary": {"covered_lines": 10, "num_statements": 10, "percent_covered": 100.0, "percent_covered_display": "100", "missing_lines": 0, "excluded_lines": 0, "percent_statements_covered": 100.0, "percent_statements_covered_display": "100"}, "missing_lines": [], "excluded_lines": [], "start_line": 1120}, "create_report": {"executed_lines": [1147, 1148, 1149, 1150, 1151, 1152, 1153, 1154, 1155], "summary": {"covered_lines": 9, "num_statements": 9, "percent_covered": 100.0, "percent_covered_display": "100", "missing_lines": 0, "excluded_lines": 0, "percent_statements_covered": 100.0, "percent_statements_covered_display": "100"}, "missing_lines": [], "excluded_lines": [], "start_line": 1141}, "update_report": {"executed_lines": [1170, 1171, 1172, 1173, 1174, 1175, 1176, 1177, 1178, 1179, 1180], "summary": {"covered_lines": 11, "num_statements": 11, "percent_covered": 100.0, "percent_covered_display": "100", "missing_lines": 0, "excluded_lines": 0, "percent_statements_covered": 100.0, "percent_statements_covered_display": "100"}, "missing_lines": [], "excluded_lines": [], "start_line": 1163}, "approve_report": {"executed_lines": [1194, 1195, 1196, 1197, 1198, 1199, 1200, 1201, 1202, 1203, 1204], "summary": {"covered_lines": 11, "num_statements": 11, "percent_covered": 100.0, "percent_covered_display": "100", "missing_lines": 0, "excluded_lines": 0, "percent_statements_covered": 100.0, "percent_statements_covered_display": "100"}, "missing_lines": [], "excluded_lines": [], "start_line": 1187}, "delete_report": {"executed_lines": [1217, 1218, 1219, 1220, 1221, 1222, 1223, 1224, 1225, 1226, 1227], "summary": {"covered_lines": 11, "num_statements": 11, "percent_covered": 100.0, "percent_covered_display": "100", "missing_lines": 0, "excluded_lines": 0, "percent_statements_covered": 100.0, "percent_statements_covered_display": "100"}, "missing_lines": [], "excluded_lines": [], "start_line": 1211}, "get_patient_history": {"executed_lines": [1243, 1244, 1245, 1246, 1247, 1248], "summary": {"covered_lines": 6, "num_statements": 6, "percent_covered": 100.0, "percent_covered_display": "100", "missing_lines": 0, "excluded_lines": 0, "percent_statements_covered": 100.0, "percent_statements_covered_display": "100"}, "missing_lines": [], "excluded_lines": [], "start_line": 1237}, "get_frontend_model_info": {"executed_lines": [1261, 1262], "summary": {"covered_lines": 2, "num_statements": 2, "percent_covered": 100.0, "percent_covered_display": "100", "missing_lines": 0, "excluded_lines": 0, "percent_statements_covered": 100.0, "percent_statements_covered_display": "100"}, "missing_lines": [], "excluded_lines": [], "start_line": 1257}, "segment_mri_modalities": {"executed_lines": [1276, 1277, 1278, 1284, 1289, 1290, 1291, 1292], "summary": {"covered_lines": 8, "num_statements": 8, "percent_covered": 100.0, "percent_covered_display": "100", "missing_lines": 0, "excluded_lines": 0, "percent_statements_covered": 100.0, "percent_statements_covered_display": "100"}, "missing_lines": [], "excluded_lines": [], "start_line": 1266}, "get_mri_visualization_image": {"executed_lines": [1301, 1302, 1303, 1304, 1309, 1310, 1311, 1312], "summary": {"covered_lines": 8, "num_statements": 8, "percent_covered": 100.0, "percent_covered_display": "100", "missing_lines": 0, "excluded_lines": 0, "percent_statements_covered": 100.0, "percent_statements_covered_display": "100"}, "missing_lines": [], "excluded_lines": [], "start_line": 1296}, "get_mri_visualization_labels": {"executed_lines": [1321, 1322, 1323, 1324, 1329, 1330, 1331, 1332], "summary": {"covered_lines": 8, "num_statements": 8, "percent_covered": 100.0, "percent_covered_display": "100", "missing_lines": 0, "excluded_lines": 0, "percent_statements_covered": 100.0, "percent_statements_covered_display": "100"}, "missing_lines": [], "excluded_lines": [], "start_line": 1316}, "get_patient_friendly_mri_result": {"executed_lines": [1341, 1342, 1343, 1344, 1346, 1350, 1351, 1353, 1354, 1362, 1363, 1364, 1366, 1367, 1368, 1370, 1371, 1372, 1374, 1375, 1376, 1378, 1379, 1384, 1390, 1393, 1399, 1405], "summary": {"covered_lines": 28, "num_statements": 28, "percent_covered": 100.0, "percent_covered_display": "100", "missing_lines": 0, "excluded_lines": 0, "percent_statements_covered": 100.0, "percent_statements_covered_display": "100"}, "missing_lines": [], "excluded_lines": [], "start_line": 1336}, "analyze_ecg": {"executed_lines": [1432, 1433, 1434, 1435, 1436, 1437, 1438], "summary": {"covered_lines": 7, "num_statements": 7, "percent_covered": 100.0, "percent_covered_display": "100", "missing_lines": 0, "excluded_lines": 0, "percent_statements_covered": 100.0, "percent_statements_covered_display": "100"}, "missing_lines": [], "excluded_lines": [], "start_line": 1425}, "analyze_mri": {"executed_lines": [1450, 1451, 1452, 1453, 1454, 1455, 1456], "summary": {"covered_lines": 7, "num_statements": 7, "percent_covered": 100.0, "percent_covered_display": "100", "missing_lines": 0, "excluded_lines": 0, "percent_statements_covered": 100.0, "percent_statements_covered_display": "100"}, "missing_lines": [], "excluded_lines": [], "start_line": 1444}, "analyze_ecg_by_signal": {"executed_lines": [1466, 1467, 1469, 1470, 1471, 1472, 1473, 1475, 1476, 1477, 1478, 1479, 1480, 1481], "summary": {"covered_lines": 14, "num_statements": 14, "percent_covered": 100.0, "percent_covered_display": "100", "missing_lines": 0, "excluded_lines": 0, "percent_statements_covered": 100.0, "percent_statements_covered_display": "100"}, "missing_lines": [], "excluded_lines": [], "start_line": 1460}, "analyze_mri_by_scan": {"executed_lines": [1491, 1492, 1494, 1495, 1496, 1497, 1498, 1500, 1501, 1502, 1503, 1504, 1505, 1506], "summary": {"covered_lines": 14, "num_statements": 14, "percent_covered": 100.0, "percent_covered_display": "100", "missing_lines": 0, "excluded_lines": 0, "percent_statements_covered": 100.0, "percent_statements_covered_display": "100"}, "missing_lines": [], "excluded_lines": [], "start_line": 1485}, "review_result_alias": {"executed_lines": [1518, 1519, 1520, 1521, 1523, 1528, 1529, 1532, 1533, 1534, 1535, 1536], "summary": {"covered_lines": 12, "num_statements": 12, "percent_covered": 100.0, "percent_covered_display": "100", "missing_lines": 0, "excluded_lines": 0, "percent_statements_covered": 100.0, "percent_statements_covered_display": "100"}, "missing_lines": [], "excluded_lines": [], "start_line": 1510}, "": {"executed_lines": [3, 4, 6, 7, 9, 10, 11, 16, 17, 18, 22, 43, 45, 58, 64, 65, 68, 69, 72, 73, 74, 75, 78, 84, 96, 114, 119, 150, 155, 171, 175, 203, 208, 230, 234, 253, 257, 280, 285, 316, 321, 337, 342, 359, 364, 386, 390, 413, 418, 441, 446, 464, 468, 492, 496, 518, 523, 587, 591, 623, 628, 644, 649, 666, 671, 693, 698, 716, 720, 742, 747, 773, 778, 796, 800, 824, 828, 850, 855, 916, 920, 952, 957, 975, 979, 1003, 1008, 1030, 1035, 1053, 1057, 1079, 1084, 1115, 1120, 1136, 1141, 1158, 1163, 1183, 1187, 1207, 1211, 1233, 1237, 1256, 1257, 1265, 1266, 1295, 1296, 1315, 1316, 1335, 1336, 1422, 1425, 1441, 1444, 1459, 1460, 1484, 1485, 1509, 1510], "summary": {"covered_lines": 125, "num_statements": 125, "percent_covered": 100.0, "percent_covered_display": "100", "missing_lines": 0, "excluded_lines": 0, "percent_statements_covered": 100.0, "percent_statements_covered_display": "100"}, "missing_lines": [], "excluded_lines": [], "start_line": 1}}, "classes": {"SignalAnalysisRequest": {"executed_lines": [], "summary": {"covered_lines": 0, "num_statements": 0, "percent_covered": 100.0, "percent_covered_display": "100", "missing_lines": 0, "excluded_lines": 0, "percent_statements_covered": 100.0, "percent_statements_covered_display": "100"}, "missing_lines": [], "excluded_lines": [], "start_line": 64}, "ScanAnalysisRequest": {"executed_lines": [], "summary": {"covered_lines": 0, "num_statements": 0, "percent_covered": 100.0, "percent_covered_display": "100", "missing_lines": 0, "excluded_lines": 0, "percent_statements_covered": 100.0, "percent_statements_covered_display": "100"}, "missing_lines": [], "excluded_lines": [], "start_line": 68}, "ResultReviewRequest": {"executed_lines": [], "summary": {"covered_lines": 0, "num_statements": 0, "percent_covered": 100.0, "percent_covered_display": "100", "missing_lines": 0, "excluded_lines": 0, "percent_statements_covered": 100.0, "percent_statements_covered_display": "100"}, "missing_lines": [], "excluded_lines": [], "start_line": 72}, "": {"executed_lines": [3, 4, 6, 7, 9, 10, 11, 16, 17, 18, 22, 43, 45, 58, 59, 60, 61, 64, 65, 68, 69, 72, 73, 74, 75, 78, 79, 80, 81, 84, 87, 88, 90, 91, 92, 93, 96, 101, 102, 103, 105, 106, 108, 114, 119, 130, 131, 132, 133, 134, 135, 136, 137, 138, 139, 140, 141, 143, 144, 145, 146, 147, 150, 155, 159, 160, 161, 162, 163, 164, 165, 166, 167, 168, 171, 175, 181, 182, 185, 186, 187, 188, 189, 191, 192, 193, 194, 195, 196, 197, 198, 199, 200, 203, 208, 215, 216, 219, 220, 221, 222, 223, 224, 225, 226, 227, 230, 234, 240, 241, 242, 243, 244, 245, 246, 247, 248, 249, 250, 253, 257, 264, 265, 266, 267, 268, 269, 270, 271, 272, 273, 274, 280, 285, 296, 297, 298, 299, 300, 301, 302, 303, 304, 305, 306, 307, 309, 310, 311, 312, 313, 316, 321, 325, 326, 327, 328, 329, 330, 331, 332, 333, 334, 337, 342, 348, 349, 350, 351, 352, 353, 354, 355, 356, 359, 364, 371, 372, 375, 376, 377, 378, 379, 380, 381, 382, 383, 386, 390, 397, 398, 399, 400, 401, 402, 403, 404, 405, 406, 407, 413, 418, 427, 428, 429, 430, 431, 432, 434, 435, 436, 437, 438, 441, 446, 452, 453, 454, 455, 456, 457, 458, 459, 460, 461, 464, 468, 474, 475, 478, 479, 480, 481, 482, 483, 484, 485, 486, 487, 488, 489, 492, 496, 502, 503, 504, 505, 506, 507, 508, 509, 510, 511, 512, 518, 523, 531, 532, 535, 536, 541, 542, 548, 551, 556, 567, 568, 569, 570, 573, 575, 576, 577, 578, 579, 587, 591, 602, 603, 604, 605, 606, 607, 608, 609, 610, 611, 612, 614, 615, 616, 617, 618, 619, 620, 623, 628, 632, 633, 634, 635, 636, 637, 638, 639, 640, 641, 644, 649, 655, 656, 657, 658, 659, 660, 661, 662, 663, 666, 671, 678, 679, 682, 683, 684, 685, 686, 687, 688, 689, 690, 693, 698, 705, 706, 709, 710, 711, 712, 713, 716, 720, 726, 727, 728, 729, 730, 731, 732, 733, 734, 735, 736, 742, 747, 757, 758, 759, 760, 761, 762, 763, 764, 766, 767, 768, 769, 770, 773, 778, 784, 785, 786, 787, 788, 789, 790, 791, 792, 793, 796, 800, 806, 807, 810, 811, 812, 813, 814, 815, 816, 817, 818, 819, 820, 821, 824, 828, 834, 835, 836, 837, 838, 839, 840, 841, 842, 843, 844, 850, 855, 864, 865, 868, 869, 874, 875, 878, 879, 884, 898, 899, 900, 901, 902, 904, 905, 906, 907, 908, 916, 920, 931, 932, 933, 934, 935, 936, 937, 938, 939, 940, 941, 943, 944, 945, 946, 947, 948, 949, 952, 957, 963, 964, 965, 966, 967, 968, 969, 970, 971, 972, 975, 979, 985, 986, 989, 990, 991, 992, 993, 994, 995, 996, 997, 998, 999, 1000, 1003, 1008, 1015, 1016, 1019, 1020, 1021, 1022, 1023, 1024, 1025, 1026, 1027, 1030, 1035, 1042, 1043, 1046, 1047, 1048, 1049, 1050, 1053, 1057, 1063, 1064, 1065, 1066, 1067, 1068, 1069, 1070, 1071, 1072, 1073, 1079, 1084, 1095, 1096, 1097, 1098, 1099, 1100, 1101, 1102, 1103, 1104, 1105, 1106, 1108, 1109, 1110, 1111, 1112, 1115, 1120, 1124, 1125, 1126, 1127, 1128, 1129, 1130, 1131, 1132, 1133, 1136, 1141, 1147, 1148, 1149, 1150, 1151, 1152, 1153, 1154, 1155, 1158, 1163, 1170, 1171, 1172, 1173, 1174, 1175, 1176, 1177, 1178, 1179, 1180, 1183, 1187, 1194, 1195, 1196, 1197, 1198, 1199, 1200, 1201, 1202, 1203, 1204, 1207, 1211, 1217, 1218, 1219, 1220, 1221, 1222, 1223, 1224, 1225, 1226, 1227, 1233, 1237, 1243, 1244, 1245, 1246, 1247, 1248, 
[...]
g_lines": 0, "excluded_lines": 0, "percent_statements_covered": 100.0, "percent_statements_covered_display": "100"}, "missing_lines": [], "excluded_lines": [], "start_line": 8}, "ErrorResponse": {"executed_lines": [], "summary": {"covered_lines": 0, "num_statements": 0, "percent_covered": 100.0, "percent_covered_display": "100", "missing_lines": 0, "excluded_lines": 0, "percent_statements_covered": 100.0, "percent_statements_covered_display": "100"}, "missing_lines": [], "excluded_lines": [], "start_line": 16}, "ErrorDetail": {"executed_lines": [], "summary": {"covered_lines": 0, "num_statements": 0, "percent_covered": 100.0, "percent_covered_display": "100", "missing_lines": 0, "excluded_lines": 0, "percent_statements_covered": 100.0, "percent_statements_covered_display": "100"}, "missing_lines": [], "excluded_lines": [], "start_line": 28}, "ApiErrorResponse": {"executed_lines": [], "summary": {"covered_lines": 0, "num_statements": 0, "percent_covered": 100.0, "percent_covered_display": "100", "missing_lines": 0, "excluded_lines": 0, "percent_statements_covered": 100.0, "percent_statements_covered_display": "100"}, "missing_lines": [], "excluded_lines": [], "start_line": 37}, "AuthResponse": {"executed_lines": [], "summary": {"covered_lines": 0, "num_statements": 0, "percent_covered": 100.0, "percent_covered_display": "100", "missing_lines": 0, "excluded_lines": 0, "percent_statements_covered": 100.0, "percent_statements_covered_display": "100"}, "missing_lines": [], "excluded_lines": [], "start_line": 49}, "PaginationResponse": {"executed_lines": [], "summary": {"covered_lines": 0, "num_statements": 0, "percent_covered": 100.0, "percent_covered_display": "100", "missing_lines": 0, "excluded_lines": 0, "percent_statements_covered": 100.0, "percent_statements_covered_display": "100"}, "missing_lines": [], "excluded_lines": [], "start_line": 60}, "ListResponse": {"executed_lines": [], "summary": {"covered_lines": 0, "num_statements": 0, "percent_covered": 100.0, "percent_covered_display": "100", "missing_lines": 0, "excluded_lines": 0, "percent_statements_covered": 100.0, "percent_statements_covered_display": "100"}, "missing_lines": [], "excluded_lines": [], "start_line": 70}, "MedicalCaseResponseDTO": {"executed_lines": [], "summary": {"covered_lines": 0, "num_statements": 0, "percent_covered": 100.0, "percent_covered_display": "100", "missing_lines": 0, "excluded_lines": 0, "percent_statements_covered": 100.0, "percent_statements_covered_display": "100"}, "missing_lines": [], "excluded_lines": [], "start_line": 82}, "MedicalFileResponseDTO": {"executed_lines": [], "summary": {"covered_lines": 0, "num_statements": 0, "percent_covered": 100.0, "percent_covered_display": "100", "missing_lines": 0, "excluded_lines": 0, "percent_statements_covered": 100.0, "percent_statements_covered_display": "100"}, "missing_lines": [], "excluded_lines": [], "start_line": 106}, "ECGSignalResponseDTO": {"executed_lines": [], "summary": {"covered_lines": 0, "num_statements": 0, "percent_covered": 100.0, "percent_covered_display": "100", "missing_lines": 0, "excluded_lines": 0, "percent_statements_covered": 100.0, "percent_statements_covered_display": "100"}, "missing_lines": [], "excluded_lines": [], "start_line": 123}, "ECGResultResponseDTO": {"executed_lines": [], "summary": {"covered_lines": 0, "num_statements": 0, "percent_covered": 100.0, "percent_covered_display": "100", "missing_lines": 0, "excluded_lines": 0, "percent_statements_covered": 100.0, "percent_statements_covered_display": "100"}, "missing_lines": [], "excluded_lines": [], "start_line": 141}, "MRIScanResponseDTO": {"executed_lines": [], "summary": {"covered_lines": 0, "num_statements": 0, "percent_covered": 100.0, "percent_covered_display": "100", "missing_lines": 0, "excluded_lines": 0, "percent_statements_covered": 100.0, "percent_statements_covered_display": "100"}, "missing_lines": [], "excluded_lines": [], "start_line": 173}, "MRIResultResponseDTO": {"executed_lines": [], "summary": {"covered_lines": 0, "num_statements": 0, "percent_covered": 100.0, "percent_covered_display": "100", "missing_lines": 0, "excluded_lines": 0, "percent_statements_covered": 100.0, "percent_statements_covered_display": "100"}, "missing_lines": [], "excluded_lines": [], "start_line": 192}, "ReportResponseDTO": {"executed_lines": [], "summary": {"covered_lines": 0, "num_statements": 0, "percent_covered": 100.0, "percent_covered_display": "100", "missing_lines": 0, "excluded_lines": 0, "percent_statements_covered": 100.0, "percent_statements_covered_display": "100"}, "missing_lines": [], "excluded_lines": [], "start_line": 219}, "": {"executed_lines": [3, 4, 5, 8, 11, 12, 13, 16, 19, 20, 21, 22, 23, 24, 25, 28, 31, 32, 33, 34, 37, 40, 41, 42, 43, 44, 45, 46, 49, 52, 53, 54, 55, 60, 63, 64, 65, 66, 67, 70, 73, 74, 75, 78, 82, 85, 86, 87, 88, 89, 90, 91, 92, 93, 94, 95, 96, 97, 98, 99, 100, 101, 102, 103, 106, 109, 110, 111, 112, 113, 114, 115, 116, 117, 118, 119, 120, 123, 126, 127, 128, 129, 130, 131, 132, 133, 134, 135, 136, 137, 138, 141, 144, 145, 146, 147, 148, 149, 150, 151, 152, 153, 154, 155, 156, 157, 158, 159, 160, 161, 162, 163, 164, 165, 166, 167, 168, 169, 170, 173, 176, 177, 178, 179, 180, 181, 182, 183, 184, 185, 186, 187, 188, 189, 192, 195, 196, 197, 198, 199, 200, 201, 202, 203, 204, 205, 206, 207, 208, 209, 210, 211, 212, 213, 214, 215, 216, 219, 222, 223, 224, 225, 226, 227, 228, 229, 230, 231, 232, 233, 234, 235, 236, 237, 238, 239, 240, 241, 242, 243, 244, 245, 246, 247, 248, 249], "summary": {"covered_lines": 186, "num_statements": 186, "percent_covered": 100.0, "percent_covered_display": "100", "missing_lines": 0, "excluded_lines": 0, "percent_statements_covered": 100.0, "percent_statements_covered_display": "100"}, "missing_lines": [], "excluded_lines": [], "start_line": 1}}}, "src/validators/system_dto.py": {"executed_lines": [3, 4, 5, 7, 10, 13, 14, 15, 16, 17, 18, 19, 20, 21, 22, 23, 24, 27, 30, 31, 32, 33, 34, 35, 36, 37, 38, 39, 42, 45, 46, 47, 48, 49, 52, 55, 56, 57, 58, 59, 60, 61, 62, 63, 64, 65, 66, 67, 68, 76, 79, 82, 85, 86, 87, 88, 89, 90, 91, 94, 97, 100, 101, 102, 103, 106, 109, 110, 113, 116, 117, 120, 123, 124, 125, 126, 127, 128, 129, 132, 135, 138, 139, 140, 141, 142, 145, 146, 154, 157, 158, 159, 160, 161, 164, 167, 168, 171, 174, 175, 176, 177, 178, 181, 184, 185, 186, 187, 188, 189, 192, 195, 196, 199, 202, 203, 204, 205, 206, 207, 215, 218, 219, 220, 221, 222, 223, 224, 225, 226, 227, 230, 233, 238, 241, 244, 247, 248, 249, 250, 251, 252, 253, 254, 257, 260, 263, 266, 269, 272, 275, 276, 277, 278, 279, 280, 281, 282, 283, 284, 285, 286, 289, 292, 295, 296, 299, 300, 301, 311, 314, 315, 316, 317, 318, 321, 322, 323, 324, 327, 330, 331, 332, 333, 334, 335, 336, 339, 342, 345, 346, 347, 348, 349, 350, 351, 352, 353, 354, 355, 356, 364, 367, 368, 369, 374, 375, 380, 381, 384, 385, 386, 389, 394, 397, 400, 401, 403, 406, 409, 412, 415, 418, 419, 421, 422, 425, 426, 427, 429, 433, 436, 439, 440, 442, 445, 448, 449, 450, 451, 452, 453, 455, 456, 457, 458, 459, 461, 463, 464, 467, 468, 470, 471, 472, 482, 485, 486, 487, 488, 491, 496, 499, 500, 501, 502, 507, 510, 511, 512, 513, 514, 519, 522, 523, 524, 527], "summary": {"covered_lines": 277, "num_statements": 277, "percent_covered": 100.0, "percent_covered_display": "100", "missing_lines": 0, "excluded_lines": 0, "percent_statements_covered": 100.0, "percent_statements_covered_display": "100"}, "missing_lines": [], "excluded_lines": [], "functions": {"": {"executed_lines": [3, 4, 5, 7, 10, 13, 14, 15, 16, 17, 18, 19, 20, 21, 22, 23, 24, 27, 30, 31, 32, 33, 34, 35, 36, 37, 38, 39, 42, 45, 46, 47, 48, 49, 52, 55, 56, 57, 58, 59, 60, 61, 62, 63, 64, 65, 66, 67, 68, 76, 79, 82, 85, 86, 87, 88, 89, 90, 91, 94, 97, 100, 101, 102, 103, 106, 109, 110, 113, 116, 117, 120, 123, 124, 125, 126, 127, 128, 129, 132, 135, 138, 139, 140, 141, 142, 145, 146, 154, 157, 158, 159, 160, 161, 164, 167, 168, 171, 174, 175, 176, 177, 178, 181, 184, 185, 186, 187, 188, 189, 192, 195, 196, 199, 202, 203, 204, 205, 206, 207, 215, 218, 219, 220, 221, 222, 223, 224, 225, 226, 227, 230, 233, 238, 241, 244, 247, 248, 249, 250, 251, 252, 253, 254, 257, 260, 263, 266, 269, 272, 275, 276, 277, 278, 279, 280, 281, 282, 283, 284, 285, 286, 289, 292, 295, 296, 299, 300, 301, 311, 314, 315, 316, 317, 318, 321, 322, 323, 324, 327, 330, 331, 332, 333, 334, 335, 336, 339, 342, 345, 346, 347, 348, 349, 350, 351, 352, 353, 354, 355, 356, 364, 367, 368, 369, 374, 375, 380, 381, 384, 385, 386, 389, 394, 397, 400, 401, 403, 406, 409, 412, 415, 418, 419, 421, 422, 425, 426, 427, 429, 433, 436, 439, 440, 442, 445, 448, 449, 450, 451, 452, 453, 455, 456, 457, 458, 459, 461, 463, 464, 467, 468, 470, 471, 472, 482, 485, 486, 487, 488, 491, 496, 499, 500, 501, 502, 507, 510, 511, 512, 513, 514, 519, 522, 523, 524, 527], "summary": {"covered_lines": 277, "num_statements": 277, "percent_covered": 100.0, "percent_covered_display": "100", "missing_lines": 0, "excluded_lines": 0, "percent_statements_covered": 100.0, "percent_statements_covered_display": "100"}, "missing_lines": [], "excluded_lines": [], "start_line": 1}}, "classes": {"AuditAction": {"executed_lines": [], "summary": {"covered_lines": 0, "num_statements": 0, "percent_covered": 100.0, "percent_covered_display": "100", "missing_lines": 0, "excluded_lines": 0, "percent_statements_covered": 100.0, "percent_statements_covered_display": "100"}, "missing_lines": [], "excluded_lines": [], "start_line": 10}, "ResourceType": {"executed_lines": [], "summary": {"covered_lines": 0, "num_statements": 0, "percent_covered": 100.0, "percent_covered_display": "100", "missing_lines": 0, "excluded_lines": 0, "percent_statements_covered": 100.0, "percent_statements_covered_display": "100"}, "missing_lines": [], "excluded_lines": [], "start_line": 27}, "AccessType": {"executed_lines": [], "summary": {"covered_lines": 0, "num_statements": 0, "percent_covered": 100.0, "percent_covered_display": "100", "missing_lines": 0, "excluded_lines": 0, "percent_statements_covered": 100.0, "percent_statements_covered_display": "100"}, "missing_lines": [], "excluded_lines": [], "start_line": 42}, "NotificationType": {"executed_lines": [], "summary": {"covered_lines": 0, "num_statements": 0, "percent_covered": 100.0, "percent_covered_display": "100", "missing_lines": 0, "excluded_lines": 0, "percent_statements_covered": 100.0, "percent_statements_covered_display": "100"}, "missing_lines": [], "excluded_lines": [], "start_line": 52}, "AuditLogCreateDTO": {"executed_lines": [], "summary": {"covered_lines": 0, "num_statements": 0, "percent_covered": 100.0, "percent_covered_display": "100", "missing_lines": 0, "excluded_lines": 0, "percent_statements_covered": 100.0, "percent_statements_covered_display": "100"}, "missing_lines": [], "excluded_lines": [], "start_line": 76}, "AuditLogResponseDTO": {"executed_lines": [], "summary": {"covered_lines": 0, "num_statements": 0, "percent_covered": 100.0, "percent_covered_display": "100", "missing_lines": 0, "excluded_lines": 0, "percent_statements_covered": 100.0, "percent_statements_covered_display": "100"}, "missing_lines": [], "excluded_lines": [], "start_line": 113}, "DataAccessLogCreateDTO": {"executed_lines": [], "summary": {"covered_lines": 0, "num_statements": 0, "percent_covered": 100.0, "percent_covered_display": "100", "missing_lines": 0, "excluded_lines": 0, "percent_statements_covered": 100.0, "percent_statements_covered_display": "100"}, "missing_lines": [], "excluded_lines": [], "start_line": 154}, "DataAccessLogResponseDTO": {"executed_lines": [], "summary": {"covered_lines": 0, "num_statements": 0, "percent_covered": 100.0, "percent_covered_display": "100", "missing_lines": 0, "excluded_lines": 0, "percent_statements_covered": 100.0, "percent_statements_covered_display": "100"}, "missing_lines": [], "excluded_lines": [], "start_line": 181}, "NotificationCreateDTO": {"executed_lines": [], "summary": {"covered_lines": 0, "num_statements": 0, "percent_covered": 100.0, "percent_covered_display": "100", "missing_lines": 0, "excluded_lines": 0, "percent_statements_covered": 100.0, "percent_statements_covered_display": "100"}, "missing_lines": [], "excluded_lines": [], "start_line": 215}, "NotificationUpdateDTO": {"executed_lines": [], "summary": {"covered_lines": 0, "num_statements": 0, "percent_covered": 100.0, "percent_covered_display": "100", "missing_lines": 0, "excluded_lines": 0, "percent_statements_covered": 100.0, "percent_statements_covered_display": "100"}, "missing_lines": [], "excluded_lines": [], "start_line": 238}, "NotificationResponseDTO": {"executed_lines": [], "summary": {"covered_lines": 0, "num_statements": 0, "percent_covered": 100.0, "percent_covered_display": "100", "missing_lines": 0, "excluded_lines": 0, "percent_statements_covered": 100.0, "percent_statements_covered_display": "100"}, "missing_lines": [], "excluded_lines": [], "start_line": 272}, "SystemSettingCreateDTO": {"executed_lines": [], "summary": {"covered_lines": 0, "num_statements": 0, "percent_covered": 100.0, "percent_covered_display": "100", "missing_lines": 0, "excluded_lines": 0, "percent_statements_covered": 100.0, "percent_statements_covered_display": "100"}, "missing_lines": [], "excluded_lines": [], "start_line": 311}, "SystemSettingUpdateDTO": {"executed_lines": [], "summary": {"covered_lines": 0, "num_statements": 0, "percent_covered": 100.0, "percent_covered_display": "100", "missing_lines": 0, "excluded_lines": 0, "percent_statements_covered": 100.0, "percent_statements_covered_display": "100"}, "missing_lines": [], "excluded_lines": [], "start_line": 327}, "SystemSettingResponseDTO": {"executed_lines": [], "summary": {"covered_lines": 0, "num_statements": 0, "percent_covered": 100.0, "percent_covered_display": "100", "missing_lines": 0, "excluded_lines": 0, "percent_statements_covered": 100.0, "percent_statements_covered_display": "100"}, "missing_lines": [], "excluded_lines": [], "start_line": 342}, "ModelVersionCreateDTO": {"executed_lines": [], "summary": {"covered_lines": 0, "num_statements": 0, "percent_covered": 100.0, "percent_covered_display": "100", "missing_lines": 0, "excluded_lines": 0, "percent_statements_covered": 100.0, "percent_statements_covered_display": "100"}, "missing_lines": [], "excluded_lines": [], "start_line": 364}, "ModelVersionUpdateDTO": {"executed_lines": [], "summary": {"covered_lines": 0, "num_statements": 0, "percent_covered": 100.0, "percent_covered_display": "100", "missing_lines": 0, "excluded_lines": 0, "percent_statements_covered": 100.0, "percent_statements_covered_display": "100"}, "missing_lines": [], "excluded_lines": [], "start_line": 406}, "ModelVersionResponseDTO": {"executed_lines": [], "summary": {"covered_lines": 0, "num_statements": 0, "percent_covered": 100.0, "percent_covered_display": "100", "missing_lines": 0, "excluded_lines": 0, "percent_statements_covered": 100.0, "percent_statements_covered_display": "100"}, "missing_lines": [], "excluded_lines": [], "start_line": 445}, "ErrorResponseDTO": {"executed_lines": [], "summary": {"covered_lines": 0, "num_statements": 0, "percent_covered": 100.0, "percent_covered_display": "100", "missing_lines": 0, "excluded_lines": 0, "percent_statements_covered": 100.0, "percent_statements_covered_display": "100"}, "missing_lines": [], "excluded_lines": [], "start_line": 482}, "SuccessResponseDTO": {"executed_lines": [], "summary": {"covered_lines": 0, "num_statements": 0, "percent_covered": 100.0, "percent_covered_display": "100", "missing_lines": 0, "excluded_lines": 0, "percent_statements_covered": 100.0, "percent_statements_covered_display": "100"}, "missing_lines": [], "excluded_lines": [], "start_line": 496}, "AuditSummaryDTO": {"executed_lines": [], "summary": {"covered_lines": 0, "num_statements": 0, "percent_covered": 100.0, "percent_covered_display": "100", "missing_lines": 0, "excluded_lines": 0, "percent_statements_covered": 100.0, "percent_statements_covered_display": "100"}, "missing_lines": [], "excluded_lines": [], "start_line": 507}, "AccessSummaryDTO": {"executed_lines": [], "summary": {"covered_lines": 0, "num_statements": 0, "percent_covered": 100.0, "percent_covered_display": "100", "missing_lines": 0, "excluded_lines": 0, "percent_statements_covered": 100.0, "percent_statements_covered_display": "100"}, "missing_lines": [], "excluded_lines": [], "start_line": 519}, "": {"executed_lines": [3, 4, 5, 7, 10, 13, 14, 15, 16, 17, 18, 19, 20, 21, 22, 23, 24, 27, 30, 31, 32, 33, 34, 35, 36, 37, 38, 39, 42, 45, 46, 47, 48, 49, 52, 55, 56, 57, 58, 59, 60, 61, 62, 63, 64, 65, 66, 67, 68, 76, 79, 82, 85, 86, 87, 88, 89, 90, 91, 94, 97, 100, 101, 102, 103, 106, 109, 110, 113, 116, 117, 120, 123, 124, 125, 126, 127, 128, 129, 132, 135, 138, 139, 140, 141, 142, 145, 146, 154, 157, 158, 159, 160, 161, 164, 167, 168, 171, 174, 175, 176, 177, 178, 181, 184, 185, 186, 187, 188, 189, 192, 195, 196, 199, 202, 203, 204, 205, 206, 207, 215, 218, 219, 220, 221, 222, 223, 224, 225, 226, 227, 230, 233, 238, 241, 244, 247, 248, 249, 250, 251, 252, 253, 254, 257, 260, 263, 266, 269, 272, 275, 276, 277, 278, 279, 280, 281, 282, 283, 284, 285, 286, 289, 292, 295, 296, 299, 300, 301, 311, 314, 315, 316, 317, 318, 321, 322, 323, 324, 327, 330, 331, 332, 333, 334, 335, 336, 339, 342, 345, 346, 347, 348, 349, 350, 351, 352, 353, 354, 355, 356, 364, 367, 368, 369, 374, 375, 380, 381, 384, 385, 386, 389, 394, 397, 400, 401, 403, 406, 409, 412, 415, 418, 419, 421, 422, 425, 426, 427, 429, 433, 436, 439, 440, 442, 445, 448, 449, 450, 451, 452, 453, 455, 456, 457, 458, 459, 461, 463, 464, 467, 468, 470, 471, 472, 482, 485, 486, 487, 488, 491, 496, 499, 500, 501, 502, 507, 510, 511, 512, 513, 514, 519, 522, 523, 524, 527], "summary": {"covered_lines": 277, "num_statements": 277, "percent_covered": 100.0, "percent_covered_display": "100", "missing_lines": 0, "excluded_lines": 0, "percent_statements_covered": 100.0, "percent_statements_covered_display": "100"}, "missing_lines": [], "excluded_lines": [], "start_line": 1}}}, "src/validators/url_validator.py": {"executed_lines": [3, 4, 8, 16, 22, 23, 25, 26, 29, 30, 33, 34, 35, 36, 38, 39, 41, 42, 45, 49, 52, 53, 54, 55, 57, 59, 60], "summary": {"covered_lines": 27, "num_statements": 27, "percent_covered": 100.0, "percent_covered_display": "100", "missing_lines": 0, "excluded_lines": 0, "percent_statements_covered": 100.0, "percent_statements_covered_display": "100"}, "missing_lines": [], "excluded_lines": [], "functions": {"validate_safe_redirect_url": {"executed_lines": [22, 23, 25, 26, 29, 30, 33, 34, 35, 36, 38, 39, 41, 42, 45, 49, 52, 53, 54, 55, 57, 59, 60], "summary": {"covered_lines": 23, "num_statements": 23, "percent_covered": 100.0, "percent_covered_display": "100", "missing_lines": 0, "excluded_lines": 0, "percent_statements_covered": 100.0, "percent_statements_covered_display": "100"}, "missing_lines": [], "excluded_lines": [], "start_line": 16}, "": {"executed_lines": [3, 4, 8, 16], "summary": {"covered_lines": 4, "num_statements": 4, "percent_covered": 100.0, "percent_covered_display": "100", "missing_lines": 0, "excluded_lines": 0, "percent_statements_covered": 100.0, "percent_statements_covered_display": "100"}, "missing_lines": [], "excluded_lines": [], "start_line": 1}}, "classes": {"": {"executed_lines": [3, 4, 8, 16, 22, 23, 25, 26, 29, 30, 33, 34, 35, 36, 38, 39, 41, 42, 45, 49, 52, 53, 54, 55, 57, 59, 60], "summary": {"covered_lines": 27, "num_statements": 27, "percent_covered": 100.0, "percent_covered_display": "100", "missing_lines": 0, "excluded_lines": 0, "percent_statements_covered": 100.0, "percent_statements_covered_display": "100"}, "missing_lines": [], "excluded_lines": [], "start_line": 1}}}}, "totals": {"covered_lines": 12879, "num_statements": 12879, "percent_covered": 100.0, "percent_covered_display": "100", "missing_lines": 0, "excluded_lines": 0, "percent_statements_covered": 100.0, "percent_statements_covered_display": "100"}}